[ 2016-09-13T10:53:19+08:00 ] 127.0.0.1 /hotelms/Public/57d7604c34ec9.jpg
INFO: [ app_init ] --START--
INFO: Run Behavior\BuildLiteBehavior [ RunTime:0.000043s ]
INFO: [ app_init ] --END-- [ RunTime:0.001094s ]
ERR: 无法加载模块:Public

[ 2016-09-13T10:53:26+08:00 ] 127.0.0.1 /hotelms/Public/57d7604c34ec9.jpg
INFO: [ app_init ] --START--
INFO: Run Behavior\BuildLiteBehavior [ RunTime:0.000427s ]
INFO: [ app_init ] --END-- [ RunTime:0.001468s ]
ERR: 无法加载模块:Public

[ 2016-09-13T10:53:35+08:00 ] 127.0.0.1 /hotelms/Public/57d7604c34ec9.jpg
INFO: [ app_init ] --START--
INFO: Run Behavior\BuildLiteBehavior [ RunTime:0.000043s ]
INFO: [ app_init ] --END-- [ RunTime:0.001034s ]
ERR: 无法加载模块:Public

[ 2016-09-13T10:54:07+08:00 ] 127.0.0.1 /hotelms/Public/57d7604c34ec9.jpg
INFO: [ app_init ] --START--
INFO: Run Behavior\BuildLiteBehavior [ RunTime:0.000033s ]
INFO: [ app_init ] --END-- [ RunTime:0.000800s ]
ERR: 无法加载模块:Public

[ 2016-09-13T10:54:07+08:00 ] 127.0.0.1 /hotelms/Public/57d7604c34ec9.jpg
INFO: [ app_init ] --START--
INFO: Run Behavior\BuildLiteBehavior [ RunTime:0.000032s ]
INFO: [ app_init ] --END-- [ RunTime:0.000779s ]
ERR: 无法加载模块:Public

[ 2016-09-13T10:55:40+08:00 ] 127.0.0.1 /hotelms/Public/57d7604c34ec9.jpg
INFO: [ app_init ] --START--
INFO: Run Behavior\BuildLiteBehavior [ RunTime:0.000044s ]
INFO: [ app_init ] --END-- [ RunTime:0.000923s ]
ERR: 无法加载模块:Public

[ 2016-09-13T10:55:50+08:00 ] 127.0.0.1 /hotelms/Public/57d7604c34ec9.jpg
INFO: [ app_init ] --START--
INFO: Run Behavior\BuildLiteBehavior [ RunTime:0.000044s ]
INFO: [ app_init ] --END-- [ RunTime:0.001164s ]
ERR: 无法加载模块:Public

[ 2016-09-13T10:58:45+08:00 ] 127.0.0.1 /hotelms/Public/57d7604c34ec9.jpg
INFO: [ app_init ] --START--
INFO: Run Behavior\BuildLiteBehavior [ RunTime:0.000038s ]
INFO: [ app_init ] --END-- [ RunTime:0.000916s ]
ERR: 无法加载模块:Public

[ 2016-09-13T11:01:22+08:00 ] 127.0.0.1 /hotelms/Public/57d7604c34ec9.jpg
INFO: [ app_init ] --START--
INFO: Run Behavior\BuildLiteBehavior [ RunTime:0.000057s ]
INFO: [ app_init ] --END-- [ RunTime:0.001223s ]
ERR: 无法加载模块:Public

[ 2016-09-13T11:01:30+08:00 ] 127.0.0.1 /hotelms/Public/57d7604c34ec9.jpg
INFO: [ app_init ] --START--
INFO: Run Behavior\BuildLiteBehavior [ RunTime:0.000063s ]
INFO: [ app_init ] --END-- [ RunTime:0.001527s ]
ERR: 无法加载模块:Public

[ 2016-09-13T11:01:42+08:00 ] 127.0.0.1 /hotelms/Public/57d7604c34ec9.jpg
INFO: [ app_init ] --START--
INFO: Run Behavior\BuildLiteBehavior [ RunTime:0.000039s ]
INFO: [ app_init ] --END-- [ RunTime:0.000981s ]
ERR: 无法加载模块:Public

[ 2016-09-13T11:02:45+08:00 ] 127.0.0.1 /hotelms/Public/57d7604c34ec9.jpg
INFO: [ app_init ] --START--
INFO: Run Behavior\BuildLiteBehavior [ RunTime:0.000087s ]
INFO: [ app_init ] --END-- [ RunTime:0.001113s ]
ERR: 无法加载模块:Public

[ 2016-09-13T11:06:09+08:00 ] 127.0.0.1 /hotelms/Public/57d76d137604a.jpg
INFO: [ app_init ] --START--
INFO: Run Behavior\BuildLiteBehavior [ RunTime:0.000039s ]
INFO: [ app_init ] --END-- [ RunTime:0.001003s ]
ERR: 无法加载模块:Public

[ 2016-09-13T11:06:09+08:00 ] 127.0.0.1 /hotelms/Public/57d76d137604a.jpg
INFO: [ app_init ] --START--
INFO: Run Behavior\BuildLiteBehavior [ RunTime:0.000041s ]
INFO: [ app_init ] --END-- [ RunTime:0.001303s ]
ERR: 无法加载模块:Public

[ 2016-09-13T11:06:29+08:00 ] 127.0.0.1 /hotelms/Public/57d76d137604a.jpg
INFO: [ app_init ] --START--
INFO: Run Behavior\BuildLiteBehavior [ RunTime:0.000056s ]
INFO: [ app_init ] --END-- [ RunTime:0.001441s ]
ERR: 无法加载模块:Public

