[ 2016-12-08T09:27:07+08:00 ] 127.0.0.1 /C2C/index.php/css/reset.css
INFO: [ app_init ] --START--
INFO: Run Behavior\BuildLiteBehavior [ RunTime:0.000033s ]
INFO: [ app_init ] --END-- [ RunTime:0.001131s ]
ERR: 无法加载模块:Css

[ 2016-12-08T09:27:07+08:00 ] 127.0.0.1 /C2C/index.php/css/css.css
INFO: [ app_init ] --START--
INFO: Run Behavior\BuildLiteBehavior [ RunTime:0.000081s ]
INFO: [ app_init ] --END-- [ RunTime:0.001637s ]
ERR: 无法加载模块:Css

[ 2016-12-08T09:27:07+08:00 ] 127.0.0.1 /C2C/index.php/css/zhucedenglu.css
INFO: [ app_init ] --START--
INFO: Run Behavior\BuildLiteBehavior [ RunTime:0.000031s ]
INFO: [ app_init ] --END-- [ RunTime:0.000989s ]
ERR: 无法加载模块:Css

[ 2016-12-08T09:27:07+08:00 ] 127.0.0.1 /C2C/index.php/css/bootstrap.css
INFO: [ app_init ] --START--
INFO: Run Behavior\BuildLiteBehavior [ RunTime:0.000027s ]
INFO: [ app_init ] --END-- [ RunTime:0.000901s ]
ERR: 无法加载模块:Css

[ 2016-12-08T09:27:07+08:00 ] 127.0.0.1 /C2C/index.php/js/jquery-1.8.2.min.js
INFO: [ app_init ] --START--
INFO: Run Behavior\BuildLiteBehavior [ RunTime:0.000024s ]
INFO: [ app_init ] --END-- [ RunTime:0.001002s ]
ERR: 无法加载模块:Js

[ 2016-12-08T09:27:07+08:00 ] 127.0.0.1 /C2C/index.php/js/thcic_menu.js
INFO: [ app_init ] --START--
INFO: Run Behavior\BuildLiteBehavior [ RunTime:0.000029s ]
INFO: [ app_init ] --END-- [ RunTime:0.000824s ]
ERR: 无法加载模块:Js

[ 2016-12-08T09:27:07+08:00 ] 127.0.0.1 /C2C/index.php/js/solideForK13-min.js
INFO: [ app_init ] --START--
INFO: Run Behavior\BuildLiteBehavior [ RunTime:0.000027s ]
INFO: [ app_init ] --END-- [ RunTime:0.000821s ]
ERR: 无法加载模块:Js

[ 2016-12-08T09:27:07+08:00 ] 127.0.0.1 /C2C/index.php/img/banner_01.jpg
INFO: [ app_init ] --START--
INFO: Run Behavior\BuildLiteBehavior [ RunTime:0.000029s ]
INFO: [ app_init ] --END-- [ RunTime:0.000976s ]
ERR: 无法加载模块:Img

[ 2016-12-08T09:27:07+08:00 ] 127.0.0.1 /C2C/index.php/img/logo.png
INFO: [ app_init ] --START--
INFO: Run Behavior\BuildLiteBehavior [ RunTime:0.000028s ]
INFO: [ app_init ] --END-- [ RunTime:0.000993s ]
ERR: 无法加载模块:Img

[ 2016-12-08T09:27:07+08:00 ] 127.0.0.1 /C2C/index.php/js/mumayi_top.js
INFO: [ app_init ] --START--
INFO: Run Behavior\BuildLiteBehavior [ RunTime:0.000034s ]
INFO: [ app_init ] --END-- [ RunTime:0.010872s ]
ERR: 无法加载模块:Js

[ 2016-12-08T09:27:07+08:00 ] 127.0.0.1 /C2C/index.php/js/bootstrap.js
INFO: [ app_init ] --START--
INFO: Run Behavior\BuildLiteBehavior [ RunTime:0.000032s ]
INFO: [ app_init ] --END-- [ RunTime:0.001137s ]
ERR: 无法加载模块:Js

[ 2016-12-08T09:27:07+08:00 ] 127.0.0.1 /C2C/index.php/img/banner_04.jpg
INFO: [ app_init ] --START--
INFO: Run Behavior\BuildLiteBehavior [ RunTime:0.000038s ]
INFO: [ app_init ] --END-- [ RunTime:0.001210s ]
ERR: 无法加载模块:Img

[ 2016-12-08T09:27:07+08:00 ] 127.0.0.1 /C2C/index.php/js/jquery-2.1.4.min.js
INFO: [ app_init ] --START--
INFO: Run Behavior\BuildLiteBehavior [ RunTime:0.000024s ]
INFO: [ app_init ] --END-- [ RunTime:0.038047s ]
ERR: 无法加载模块:Js

[ 2016-12-08T09:27:07+08:00 ] 127.0.0.1 /C2C/index.php/img/banner_02.jpg
INFO: [ app_init ] --START--
INFO: Run Behavior\BuildLiteBehavior [ RunTime:0.000029s ]
INFO: [ app_init ] --END-- [ RunTime:0.000981s ]
ERR: 无法加载模块:Img

[ 2016-12-08T09:27:07+08:00 ] 127.0.0.1 /C2C/index.php/js/re.js
INFO: [ app_init ] --START--
INFO: Run Behavior\BuildLiteBehavior [ RunTime:0.000029s ]
INFO: [ app_init ] --END-- [ RunTime:0.001143s ]
ERR: 无法加载模块:Js

[ 2016-12-08T09:27:07+08:00 ] 127.0.0.1 /C2C/index.php/img/banner_05.jpg
INFO: [ app_init ] --START--
INFO: Run Behavior\BuildLiteBehavior [ RunTime:0.000028s ]
INFO: [ app_init ] --END-- [ RunTime:0.001030s ]
ERR: 无法加载模块:Img

[ 2016-12-08T09:27:07+08:00 ] 127.0.0.1 /C2C/index.php/img/banner_03.jpg
INFO: [ app_init ] --START--
INFO: Run Behavior\BuildLiteBehavior [ RunTime:0.000032s ]
INFO: [ app_init ] --END-- [ RunTime:0.007131s ]
ERR: 无法加载模块:Img

[ 2016-12-08T09:27:07+08:00 ] 127.0.0.1 /C2C/index.php/img/one_title.png
INFO: [ app_init ] --START--
INFO: Run Behavior\BuildLiteBehavior [ RunTime:0.000028s ]
INFO: [ app_init ] --END-- [ RunTime:0.000965s ]
ERR: 无法加载模块:Img

[ 2016-12-08T09:27:08+08:00 ] 127.0.0.1 /C2C/index.php/img/banner_07.jpg
INFO: [ app_init ] --START--
INFO: Run Behavior\BuildLiteBehavior [ RunTime:0.000028s ]
INFO: [ app_init ] --END-- [ RunTime:0.000940s ]
ERR: 无法加载模块:Img

[ 2016-12-08T09:27:08+08:00 ] 127.0.0.1 /C2C/index.php/img/more.gif
INFO: [ app_init ] --START--
INFO: Run Behavior\BuildLiteBehavior [ RunTime:0.000033s ]
INFO: [ app_init ] --END-- [ RunTime:0.000916s ]
ERR: 无法加载模块:Img

[ 2016-12-08T09:27:08+08:00 ] 127.0.0.1 /C2C/index.php/img/%E6%95%99%E5%B8%88.png
INFO: [ app_init ] --START--
INFO: Run Behavior\BuildLiteBehavior [ RunTime:0.000030s ]
INFO: [ app_init ] --END-- [ RunTime:0.001011s ]
ERR: 无法加载模块:Img

[ 2016-12-08T09:27:08+08:00 ] 127.0.0.1 /C2C/index.php/img/book.png
INFO: [ app_init ] --START--
INFO: Run Behavior\BuildLiteBehavior [ RunTime:0.000024s ]
INFO: [ app_init ] --END-- [ RunTime:0.020875s ]
ERR: 无法加载模块:Img

[ 2016-12-08T09:27:08+08:00 ] 127.0.0.1 /C2C/index.php/img/%E8%80%83%E7%A0%94%E6%94%BF%E6%B2%BB.png
INFO: [ app_init ] --START--
INFO: Run Behavior\BuildLiteBehavior [ RunTime:0.000031s ]
INFO: [ app_init ] --END-- [ RunTime:0.001546s ]
ERR: 无法加载模块:Img

[ 2016-12-08T09:27:08+08:00 ] 127.0.0.1 /C2C/index.php/img/%E6%B4%97%E8%A1%A3%E5%8D%A1.png
INFO: [ app_init ] --START--
INFO: Run Behavior\BuildLiteBehavior [ RunTime:0.000033s ]
INFO: [ app_init ] --END-- [ RunTime:0.000887s ]
ERR: 无法加载模块:Img

[ 2016-12-08T09:27:08+08:00 ] 127.0.0.1 /C2C/index.php/img/%E5%85%AD%E7%BA%A7%E7%9C%9F%E9%A2%98.png
INFO: [ app_init ] --START--
INFO: Run Behavior\BuildLiteBehavior [ RunTime:0.000027s ]
INFO: [ app_init ] --END-- [ RunTime:0.000879s ]
ERR: 无法加载模块:Img

[ 2016-12-08T09:27:08+08:00 ] 127.0.0.1 /C2C/index.php/img/%E5%8F%B0%E7%81%AF.png
INFO: [ app_init ] --START--
INFO: Run Behavior\BuildLiteBehavior [ RunTime:0.000031s ]
INFO: [ app_init ] --END-- [ RunTime:0.001060s ]
ERR: 无法加载模块:Img

[ 2016-12-08T09:27:08+08:00 ] 127.0.0.1 /C2C/index.php/img/banner_06.jpg
INFO: [ app_init ] --START--
INFO: Run Behavior\BuildLiteBehavior [ RunTime:0.000189s ]
INFO: [ app_init ] --END-- [ RunTime:0.003227s ]
ERR: 无法加载模块:Img

[ 2016-12-08T09:27:08+08:00 ] 127.0.0.1 /C2C/index.php/img/%E6%A4%85%E5%AD%90.png
INFO: [ app_init ] --START--
INFO: Run Behavior\BuildLiteBehavior [ RunTime:0.000032s ]
INFO: [ app_init ] --END-- [ RunTime:0.004607s ]
ERR: 无法加载模块:Img

[ 2016-12-08T09:27:08+08:00 ] 127.0.0.1 /C2C/index.php/img/%E6%A1%8C%E5%AD%90.png
INFO: [ app_init ] --START--
INFO: Run Behavior\BuildLiteBehavior [ RunTime:0.000030s ]
INFO: [ app_init ] --END-- [ RunTime:0.000961s ]
ERR: 无法加载模块:Img

[ 2016-12-08T09:27:08+08:00 ] 127.0.0.1 /C2C/index.php/img/%E5%9B%9B%E7%BA%A7%E5%90%AC%E5%8A%9B.png
INFO: [ app_init ] --START--
INFO: Run Behavior\BuildLiteBehavior [ RunTime:0.000031s ]
INFO: [ app_init ] --END-- [ RunTime:0.000924s ]
ERR: 无法加载模块:Img

[ 2016-12-08T09:27:08+08:00 ] 127.0.0.1 /C2C/index.php/img/xianzhi.png
INFO: [ app_init ] --START--
INFO: Run Behavior\BuildLiteBehavior [ RunTime:0.000037s ]
INFO: [ app_init ] --END-- [ RunTime:0.039271s ]
ERR: 无法加载模块:Img

[ 2016-12-08T09:27:08+08:00 ] 127.0.0.1 /C2C/index.php/img/shuma.png
INFO: [ app_init ] --START--
INFO: Run Behavior\BuildLiteBehavior [ RunTime:0.000025s ]
INFO: [ app_init ] --END-- [ RunTime:0.000978s ]
ERR: 无法加载模块:Img

[ 2016-12-08T09:27:08+08:00 ] 127.0.0.1 /C2C/index.php/img/%E5%85%85%E7%94%B5%E5%AE%9D.png
INFO: [ app_init ] --START--
INFO: Run Behavior\BuildLiteBehavior [ RunTime:0.000029s ]
INFO: [ app_init ] --END-- [ RunTime:0.001891s ]
ERR: 无法加载模块:Img

[ 2016-12-08T09:27:08+08:00 ] 127.0.0.1 /C2C/index.php/img/%E6%89%8B%E6%9C%BA.png
INFO: [ app_init ] --START--
INFO: Run Behavior\BuildLiteBehavior [ RunTime:0.000034s ]
INFO: [ app_init ] --END-- [ RunTime:0.001226s ]
ERR: 无法加载模块:Img

[ 2016-12-08T09:27:08+08:00 ] 127.0.0.1 /C2C/index.php/img/%E5%B0%8F%E7%94%B5%E6%89%87.png
INFO: [ app_init ] --START--
INFO: Run Behavior\BuildLiteBehavior [ RunTime:0.000034s ]
INFO: [ app_init ] --END-- [ RunTime:0.001147s ]
ERR: 无法加载模块:Img

[ 2016-12-08T09:27:08+08:00 ] 127.0.0.1 /C2C/index.php/img/%E5%B9%B3%E6%9D%BF.png
INFO: [ app_init ] --START--
INFO: Run Behavior\BuildLiteBehavior [ RunTime:0.000031s ]
INFO: [ app_init ] --END-- [ RunTime:0.000993s ]
ERR: 无法加载模块:Img

[ 2016-12-08T09:27:08+08:00 ] 127.0.0.1 /C2C/index.php/img/%E5%85%85%E7%94%B5%E5%A4%B4.png
INFO: [ app_init ] --START--
INFO: Run Behavior\BuildLiteBehavior [ RunTime:0.000187s ]
INFO: [ app_init ] --END-- [ RunTime:0.001371s ]
ERR: 无法加载模块:Img

[ 2016-12-08T09:27:08+08:00 ] 127.0.0.1 /C2C/index.php/img/jiadian.png
INFO: [ app_init ] --START--
INFO: Run Behavior\BuildLiteBehavior [ RunTime:0.000032s ]
INFO: [ app_init ] --END-- [ RunTime:0.001089s ]
ERR: 无法加载模块:Img

[ 2016-12-08T09:27:08+08:00 ] 127.0.0.1 /C2C/index.php/img/chuxing.png
INFO: [ app_init ] --START--
INFO: Run Behavior\BuildLiteBehavior [ RunTime:0.000038s ]
INFO: [ app_init ] --END-- [ RunTime:0.001154s ]
ERR: 无法加载模块:Img

[ 2016-12-08T09:27:08+08:00 ] 127.0.0.1 /C2C/index.php/img/%E8%80%B3%E9%BA%A6.png
INFO: [ app_init ] --START--
INFO: Run Behavior\BuildLiteBehavior [ RunTime:0.000029s ]
INFO: [ app_init ] --END-- [ RunTime:0.000927s ]
ERR: 无法加载模块:Img

[ 2016-12-08T09:27:08+08:00 ] 127.0.0.1 /C2C/index.php/img/%E5%90%B9%E9%A3%8E%E6%9C%BA.png
INFO: [ app_init ] --START--
INFO: Run Behavior\BuildLiteBehavior [ RunTime:0.000038s ]
INFO: [ app_init ] --END-- [ RunTime:0.002209s ]
ERR: 无法加载模块:Img

[ 2016-12-08T09:27:08+08:00 ] 127.0.0.1 /C2C/index.php/img/%E5%B8%90%E7%AF%B7.png
INFO: [ app_init ] --START--
INFO: Run Behavior\BuildLiteBehavior [ RunTime:0.000027s ]
INFO: [ app_init ] --END-- [ RunTime:0.000992s ]
ERR: 无法加载模块:Img

[ 2016-12-08T09:27:08+08:00 ] 127.0.0.1 /C2C/index.php/img/%E8%BD%AE%E6%BB%91%E9%9E%8B.png
INFO: [ app_init ] --START--
INFO: Run Behavior\BuildLiteBehavior [ RunTime:0.000030s ]
INFO: [ app_init ] --END-- [ RunTime:0.000984s ]
ERR: 无法加载模块:Img

[ 2016-12-08T09:27:08+08:00 ] 127.0.0.1 /C2C/index.php/img/%E8%A1%8C%E6%9D%8E%E7%AE%B1.png
INFO: [ app_init ] --START--
INFO: Run Behavior\BuildLiteBehavior [ RunTime:0.000029s ]
INFO: [ app_init ] --END-- [ RunTime:0.000978s ]
ERR: 无法加载模块:Img

[ 2016-12-08T09:27:08+08:00 ] 127.0.0.1 /C2C/index.php/img/%E6%8F%92%E7%BA%BF%E6%9D%BF.png
INFO: [ app_init ] --START--
INFO: Run Behavior\BuildLiteBehavior [ RunTime:0.000028s ]
INFO: [ app_init ] --END-- [ RunTime:0.001571s ]
ERR: 无法加载模块:Img

[ 2016-12-08T09:27:08+08:00 ] 127.0.0.1 /C2C/index.php/img/footer-tri.png
INFO: [ app_init ] --START--
INFO: Run Behavior\BuildLiteBehavior [ RunTime:0.000027s ]
INFO: [ app_init ] --END-- [ RunTime:0.000938s ]
ERR: 无法加载模块:Img

[ 2016-12-08T09:27:08+08:00 ] 127.0.0.1 /C2C/index.php/img/%E8%87%AA%E8%A1%8C%E8%BD%A6.png
INFO: [ app_init ] --START--
INFO: Run Behavior\BuildLiteBehavior [ RunTime:0.000023s ]
INFO: [ app_init ] --END-- [ RunTime:0.000939s ]
ERR: 无法加载模块:Img

[ 2016-12-08T09:42:14+08:00 ] 127.0.0.1 /C2C/index.php/js/bootstrap.js
INFO: [ app_init ] --START--
INFO: Run Behavior\BuildLiteBehavior [ RunTime:0.000029s ]
INFO: [ app_init ] --END-- [ RunTime:0.001076s ]
ERR: 无法加载模块:Js

[ 2016-12-08T09:42:14+08:00 ] 127.0.0.1 /C2C/index.php/img/more.gif
INFO: [ app_init ] --START--
INFO: Run Behavior\BuildLiteBehavior [ RunTime:0.000029s ]
INFO: [ app_init ] --END-- [ RunTime:0.000983s ]
ERR: 无法加载模块:Img

[ 2016-12-08T09:42:14+08:00 ] 127.0.0.1 /C2C/index.php/js/jquery-2.1.4.min.js
INFO: [ app_init ] --START--
INFO: Run Behavior\BuildLiteBehavior [ RunTime:0.000032s ]
INFO: [ app_init ] --END-- [ RunTime:0.001638s ]
ERR: 无法加载模块:Js

[ 2016-12-08T09:42:14+08:00 ] 127.0.0.1 /C2C/index.php/img/one_title.png
INFO: [ app_init ] --START--
INFO: Run Behavior\BuildLiteBehavior [ RunTime:0.000033s ]
INFO: [ app_init ] --END-- [ RunTime:0.008260s ]
ERR: 无法加载模块:Img

[ 2016-12-08T09:42:14+08:00 ] 127.0.0.1 /C2C/index.php/js/re.js
INFO: [ app_init ] --START--
INFO: Run Behavior\BuildLiteBehavior [ RunTime:0.000036s ]
INFO: [ app_init ] --END-- [ RunTime:0.001297s ]
ERR: 无法加载模块:Js

[ 2016-12-08T09:42:14+08:00 ] 127.0.0.1 /C2C/index.php/js/mumayi_top.js
INFO: [ app_init ] --START--
INFO: Run Behavior\BuildLiteBehavior [ RunTime:0.000035s ]
INFO: [ app_init ] --END-- [ RunTime:0.014304s ]
ERR: 无法加载模块:Js

[ 2016-12-08T10:23:23+08:00 ] 127.0.0.1 /C2C/index.php/js/bootstrap.js
INFO: [ app_init ] --START--
INFO: Run Behavior\BuildLiteBehavior [ RunTime:0.000035s ]
INFO: [ app_init ] --END-- [ RunTime:0.001021s ]
ERR: 无法加载模块:Js

[ 2016-12-08T10:23:23+08:00 ] 127.0.0.1 /C2C/index.php/js/re.js
INFO: [ app_init ] --START--
INFO: Run Behavior\BuildLiteBehavior [ RunTime:0.000058s ]
INFO: [ app_init ] --END-- [ RunTime:0.001616s ]
ERR: 无法加载模块:Js

[ 2016-12-08T10:23:23+08:00 ] 127.0.0.1 /C2C/index.php/js/jquery-2.1.4.min.js
INFO: [ app_init ] --START--
INFO: Run Behavior\BuildLiteBehavior [ RunTime:0.000061s ]
INFO: [ app_init ] --END-- [ RunTime:0.002650s ]
ERR: 无法加载模块:Js

[ 2016-12-08T10:23:23+08:00 ] 127.0.0.1 /C2C/index.php/img/more.gif
INFO: [ app_init ] --START--
INFO: Run Behavior\BuildLiteBehavior [ RunTime:0.000034s ]
INFO: [ app_init ] --END-- [ RunTime:0.027295s ]
ERR: 无法加载模块:Img

[ 2016-12-08T10:23:23+08:00 ] 127.0.0.1 /C2C/index.php/js/mumayi_top.js
INFO: [ app_init ] --START--
INFO: Run Behavior\BuildLiteBehavior [ RunTime:0.000034s ]
INFO: [ app_init ] --END-- [ RunTime:0.001542s ]
ERR: 无法加载模块:Js

[ 2016-12-08T10:23:23+08:00 ] 127.0.0.1 /C2C/index.php/img/one_title.png
INFO: [ app_init ] --START--
INFO: Run Behavior\BuildLiteBehavior [ RunTime:0.000032s ]
INFO: [ app_init ] --END-- [ RunTime:0.001062s ]
ERR: 无法加载模块:Img

[ 2016-12-08T10:24:21+08:00 ] 127.0.0.1 /C2C/index.php/js/mumayi_top.js
INFO: [ app_init ] --START--
INFO: Run Behavior\BuildLiteBehavior [ RunTime:0.000035s ]
INFO: [ app_init ] --END-- [ RunTime:0.001193s ]
ERR: 无法加载模块:Js

[ 2016-12-08T10:24:21+08:00 ] 127.0.0.1 /C2C/index.php/img/more.gif
INFO: [ app_init ] --START--
INFO: Run Behavior\BuildLiteBehavior [ RunTime:0.000032s ]
INFO: [ app_init ] --END-- [ RunTime:0.001047s ]
ERR: 无法加载模块:Img

[ 2016-12-08T10:24:21+08:00 ] 127.0.0.1 /C2C/index.php/js/jquery-2.1.4.min.js
INFO: [ app_init ] --START--
INFO: Run Behavior\BuildLiteBehavior [ RunTime:0.000036s ]
INFO: [ app_init ] --END-- [ RunTime:0.002980s ]
ERR: 无法加载模块:Js

[ 2016-12-08T10:24:21+08:00 ] 127.0.0.1 /C2C/index.php/img/one_title.png
INFO: [ app_init ] --START--
INFO: Run Behavior\BuildLiteBehavior [ RunTime:0.000029s ]
INFO: [ app_init ] --END-- [ RunTime:0.000922s ]
ERR: 无法加载模块:Img

[ 2016-12-08T10:24:21+08:00 ] 127.0.0.1 /C2C/index.php/js/bootstrap.js
INFO: [ app_init ] --START--
INFO: Run Behavior\BuildLiteBehavior [ RunTime:0.000028s ]
INFO: [ app_init ] --END-- [ RunTime:0.000951s ]
ERR: 无法加载模块:Js

[ 2016-12-08T10:24:21+08:00 ] 127.0.0.1 /C2C/index.php/js/re.js
INFO: [ app_init ] --START--
INFO: Run Behavior\BuildLiteBehavior [ RunTime:0.000037s ]
INFO: [ app_init ] --END-- [ RunTime:0.005461s ]
ERR: 无法加载模块:Js

[ 2016-12-08T10:27:10+08:00 ] 127.0.0.1 /C2C/index.php/img/more.gif
INFO: [ app_init ] --START--
INFO: Run Behavior\BuildLiteBehavior [ RunTime:0.000028s ]
INFO: [ app_init ] --END-- [ RunTime:0.000924s ]
ERR: 无法加载模块:Img

[ 2016-12-08T10:27:10+08:00 ] 127.0.0.1 /C2C/index.php/js/bootstrap.js
INFO: [ app_init ] --START--
INFO: Run Behavior\BuildLiteBehavior [ RunTime:0.000032s ]
INFO: [ app_init ] --END-- [ RunTime:0.026559s ]
ERR: 无法加载模块:Js

[ 2016-12-08T10:27:10+08:00 ] 127.0.0.1 /C2C/index.php/js/jquery-2.1.4.min.js
INFO: [ app_init ] --START--
INFO: Run Behavior\BuildLiteBehavior [ RunTime:0.000035s ]
INFO: [ app_init ] --END-- [ RunTime:0.007385s ]
ERR: 无法加载模块:Js

[ 2016-12-08T10:27:10+08:00 ] 127.0.0.1 /C2C/index.php/js/mumayi_top.js
INFO: [ app_init ] --START--
INFO: Run Behavior\BuildLiteBehavior [ RunTime:0.000029s ]
INFO: [ app_init ] --END-- [ RunTime:0.001411s ]
ERR: 无法加载模块:Js

[ 2016-12-08T10:27:10+08:00 ] 127.0.0.1 /C2C/index.php/js/re.js
INFO: [ app_init ] --START--
INFO: Run Behavior\BuildLiteBehavior [ RunTime:0.000031s ]
INFO: [ app_init ] --END-- [ RunTime:0.001964s ]
ERR: 无法加载模块:Js

[ 2016-12-08T10:27:10+08:00 ] 127.0.0.1 /C2C/index.php/img/one_title.png
INFO: [ app_init ] --START--
INFO: Run Behavior\BuildLiteBehavior [ RunTime:0.000148s ]
INFO: [ app_init ] --END-- [ RunTime:0.001226s ]
ERR: 无法加载模块:Img

[ 2016-12-08T10:27:58+08:00 ] 127.0.0.1 /C2C/index.php/js/jquery-2.1.4.min.js
INFO: [ app_init ] --START--
INFO: Run Behavior\BuildLiteBehavior [ RunTime:0.000866s ]
INFO: [ app_init ] --END-- [ RunTime:0.001801s ]
ERR: 无法加载模块:Js

[ 2016-12-08T10:27:58+08:00 ] 127.0.0.1 /C2C/index.php/js/re.js
INFO: [ app_init ] --START--
INFO: Run Behavior\BuildLiteBehavior [ RunTime:0.000032s ]
INFO: [ app_init ] --END-- [ RunTime:0.001269s ]
ERR: 无法加载模块:Js

[ 2016-12-08T10:27:58+08:00 ] 127.0.0.1 /C2C/index.php/js/mumayi_top.js
INFO: [ app_init ] --START--
INFO: Run Behavior\BuildLiteBehavior [ RunTime:0.000039s ]
INFO: [ app_init ] --END-- [ RunTime:0.001467s ]
ERR: 无法加载模块:Js

[ 2016-12-08T10:27:58+08:00 ] 127.0.0.1 /C2C/index.php/js/bootstrap.js
INFO: [ app_init ] --START--
INFO: Run Behavior\BuildLiteBehavior [ RunTime:0.000028s ]
INFO: [ app_init ] --END-- [ RunTime:0.000881s ]
ERR: 无法加载模块:Js

[ 2016-12-08T10:27:58+08:00 ] 127.0.0.1 /C2C/index.php/img/more.gif
INFO: [ app_init ] --START--
INFO: Run Behavior\BuildLiteBehavior [ RunTime:0.000031s ]
INFO: [ app_init ] --END-- [ RunTime:0.001268s ]
ERR: 无法加载模块:Img

[ 2016-12-08T10:27:58+08:00 ] 127.0.0.1 /C2C/index.php/img/one_title.png
INFO: [ app_init ] --START--
INFO: Run Behavior\BuildLiteBehavior [ RunTime:0.000031s ]
INFO: [ app_init ] --END-- [ RunTime:0.001016s ]
ERR: 无法加载模块:Img

[ 2016-12-08T10:28:21+08:00 ] 127.0.0.1 /C2C/index.php/js/bootstrap.js
INFO: [ app_init ] --START--
INFO: Run Behavior\BuildLiteBehavior [ RunTime:0.000039s ]
INFO: [ app_init ] --END-- [ RunTime:0.001360s ]
ERR: 无法加载模块:Js

[ 2016-12-08T10:28:21+08:00 ] 127.0.0.1 /C2C/index.php/js/jquery-2.1.4.min.js
INFO: [ app_init ] --START--
INFO: Run Behavior\BuildLiteBehavior [ RunTime:0.000032s ]
INFO: [ app_init ] --END-- [ RunTime:0.001258s ]
ERR: 无法加载模块:Js

[ 2016-12-08T10:28:21+08:00 ] 127.0.0.1 /C2C/index.php/img/more.gif
INFO: [ app_init ] --START--
INFO: Run Behavior\BuildLiteBehavior [ RunTime:0.000030s ]
INFO: [ app_init ] --END-- [ RunTime:0.000950s ]
ERR: 无法加载模块:Img

[ 2016-12-08T10:28:21+08:00 ] 127.0.0.1 /C2C/index.php/js/mumayi_top.js
INFO: [ app_init ] --START--
INFO: Run Behavior\BuildLiteBehavior [ RunTime:0.000032s ]
INFO: [ app_init ] --END-- [ RunTime:0.010977s ]
ERR: 无法加载模块:Js

[ 2016-12-08T10:28:21+08:00 ] 127.0.0.1 /C2C/index.php/img/one_title.png
INFO: [ app_init ] --START--
INFO: Run Behavior\BuildLiteBehavior [ RunTime:0.000032s ]
INFO: [ app_init ] --END-- [ RunTime:0.000988s ]
ERR: 无法加载模块:Img

[ 2016-12-08T10:28:21+08:00 ] 127.0.0.1 /C2C/index.php/js/re.js
INFO: [ app_init ] --START--
INFO: Run Behavior\BuildLiteBehavior [ RunTime:0.000034s ]
INFO: [ app_init ] --END-- [ RunTime:0.009530s ]
ERR: 无法加载模块:Js

[ 2016-12-08T10:28:21+08:00 ] 127.0.0.1 /C2C/index.php/img/more.gif
INFO: [ app_init ] --START--
INFO: Run Behavior\BuildLiteBehavior [ RunTime:0.000029s ]
INFO: [ app_init ] --END-- [ RunTime:0.000986s ]
ERR: 无法加载模块:Img

[ 2016-12-08T11:04:53+08:00 ] 127.0.0.1 /C2C/index.php/js/mumayi_top.js
INFO: [ app_init ] --START--
INFO: Run Behavior\BuildLiteBehavior [ RunTime:0.000028s ]
INFO: [ app_init ] --END-- [ RunTime:0.001026s ]
ERR: 无法加载模块:Js

[ 2016-12-08T11:04:53+08:00 ] 127.0.0.1 /C2C/index.php/js/jquery-2.1.4.min.js
INFO: [ app_init ] --START--
INFO: Run Behavior\BuildLiteBehavior [ RunTime:0.000096s ]
INFO: [ app_init ] --END-- [ RunTime:0.002161s ]
ERR: 无法加载模块:Js

[ 2016-12-08T11:04:53+08:00 ] 127.0.0.1 /C2C/index.php/img/more.gif
INFO: [ app_init ] --START--
INFO: Run Behavior\BuildLiteBehavior [ RunTime:0.000030s ]
INFO: [ app_init ] --END-- [ RunTime:0.001059s ]
ERR: 无法加载模块:Img

[ 2016-12-08T11:04:53+08:00 ] 127.0.0.1 /C2C/index.php/js/re.js
INFO: [ app_init ] --START--
INFO: Run Behavior\BuildLiteBehavior [ RunTime:0.000030s ]
INFO: [ app_init ] --END-- [ RunTime:0.002046s ]
ERR: 无法加载模块:Js

[ 2016-12-08T11:04:53+08:00 ] 127.0.0.1 /C2C/index.php/js/bootstrap.js
INFO: [ app_init ] --START--
INFO: Run Behavior\BuildLiteBehavior [ RunTime:0.000029s ]
INFO: [ app_init ] --END-- [ RunTime:0.001046s ]
ERR: 无法加载模块:Js

[ 2016-12-08T11:04:53+08:00 ] 127.0.0.1 /C2C/index.php/Array
INFO: [ app_init ] --START--
INFO: Run Behavior\BuildLiteBehavior [ RunTime:0.000039s ]
INFO: [ app_init ] --END-- [ RunTime:0.001328s ]
ERR: 无法加载模块:Array

[ 2016-12-08T11:04:53+08:00 ] 127.0.0.1 /C2C/index.php/img/one_title.png
INFO: [ app_init ] --START--
INFO: Run Behavior\BuildLiteBehavior [ RunTime:0.000030s ]
INFO: [ app_init ] --END-- [ RunTime:0.000938s ]
ERR: 无法加载模块:Img

[ 2016-12-08T11:08:14+08:00 ] 127.0.0.1 /C2C/index.php/js/mumayi_top.js
INFO: [ app_init ] --START--
INFO: Run Behavior\BuildLiteBehavior [ RunTime:0.000032s ]
INFO: [ app_init ] --END-- [ RunTime:0.000917s ]
ERR: 无法加载模块:Js

[ 2016-12-08T11:08:14+08:00 ] 127.0.0.1 /C2C/index.php/js/jquery-2.1.4.min.js
INFO: [ app_init ] --START--
INFO: Run Behavior\BuildLiteBehavior [ RunTime:0.000042s ]
INFO: [ app_init ] --END-- [ RunTime:0.001086s ]
ERR: 无法加载模块:Js

[ 2016-12-08T11:08:14+08:00 ] 127.0.0.1 /C2C/index.php/js/bootstrap.js
INFO: [ app_init ] --START--
INFO: Run Behavior\BuildLiteBehavior [ RunTime:0.000035s ]
INFO: [ app_init ] --END-- [ RunTime:0.001707s ]
ERR: 无法加载模块:Js

[ 2016-12-08T11:08:14+08:00 ] 127.0.0.1 /C2C/index.php/js/re.js
INFO: [ app_init ] --START--
INFO: Run Behavior\BuildLiteBehavior [ RunTime:0.000023s ]
INFO: [ app_init ] --END-- [ RunTime:0.001813s ]
ERR: 无法加载模块:Js

[ 2016-12-08T11:08:14+08:00 ] 127.0.0.1 /C2C/index.php/img/more.gif
INFO: [ app_init ] --START--
INFO: Run Behavior\BuildLiteBehavior [ RunTime:0.000032s ]
INFO: [ app_init ] --END-- [ RunTime:0.001365s ]
ERR: 无法加载模块:Img

[ 2016-12-08T11:08:14+08:00 ] 127.0.0.1 /C2C/index.php/$url%7B'picimg'%7D
INFO: [ app_init ] --START--
INFO: Run Behavior\BuildLiteBehavior [ RunTime:0.000128s ]
INFO: [ app_init ] --END-- [ RunTime:0.009357s ]
ERR: 无法加载模块:$url{'picimg'}

[ 2016-12-08T11:08:14+08:00 ] 127.0.0.1 /C2C/index.php/img/one_title.png
INFO: [ app_init ] --START--
INFO: Run Behavior\BuildLiteBehavior [ RunTime:0.000205s ]
INFO: [ app_init ] --END-- [ RunTime:0.002773s ]
ERR: 无法加载模块:Img

[ 2016-12-08T11:08:17+08:00 ] 127.0.0.1 /C2C/index.php/$url%7B'picimg'%7D
INFO: [ app_init ] --START--
INFO: Run Behavior\BuildLiteBehavior [ RunTime:0.000031s ]
INFO: [ app_init ] --END-- [ RunTime:0.001014s ]
ERR: 无法加载模块:$url{'picimg'}

[ 2016-12-08T11:08:17+08:00 ] 127.0.0.1 /C2C/index.php/img/more.gif
INFO: [ app_init ] --START--
INFO: Run Behavior\BuildLiteBehavior [ RunTime:0.000057s ]
INFO: [ app_init ] --END-- [ RunTime:0.001228s ]
ERR: 无法加载模块:Img

[ 2016-12-08T11:08:17+08:00 ] 127.0.0.1 /C2C/index.php/img/one_title.png
INFO: [ app_init ] --START--
INFO: Run Behavior\BuildLiteBehavior [ RunTime:0.000034s ]
INFO: [ app_init ] --END-- [ RunTime:0.001188s ]
ERR: 无法加载模块:Img

[ 2016-12-08T11:08:17+08:00 ] 127.0.0.1 /C2C/index.php/js/re.js
INFO: [ app_init ] --START--
INFO: Run Behavior\BuildLiteBehavior [ RunTime:0.000031s ]
INFO: [ app_init ] --END-- [ RunTime:0.000993s ]
ERR: 无法加载模块:Js

[ 2016-12-08T11:08:17+08:00 ] 127.0.0.1 /C2C/index.php/js/mumayi_top.js
INFO: [ app_init ] --START--
INFO: Run Behavior\BuildLiteBehavior [ RunTime:0.000033s ]
INFO: [ app_init ] --END-- [ RunTime:0.001152s ]
ERR: 无法加载模块:Js

[ 2016-12-08T11:08:17+08:00 ] 127.0.0.1 /C2C/index.php/js/jquery-2.1.4.min.js
INFO: [ app_init ] --START--
INFO: Run Behavior\BuildLiteBehavior [ RunTime:0.000069s ]
INFO: [ app_init ] --END-- [ RunTime:0.001842s ]
ERR: 无法加载模块:Js

[ 2016-12-08T11:08:17+08:00 ] 127.0.0.1 /C2C/index.php/js/bootstrap.js
INFO: [ app_init ] --START--
INFO: Run Behavior\BuildLiteBehavior [ RunTime:0.000034s ]
INFO: [ app_init ] --END-- [ RunTime:0.002330s ]
ERR: 无法加载模块:Js

[ 2016-12-08T11:09:38+08:00 ] 127.0.0.1 /C2C/index.php/js/jquery-2.1.4.min.js
INFO: [ app_init ] --START--
INFO: Run Behavior\BuildLiteBehavior [ RunTime:0.000031s ]
INFO: [ app_init ] --END-- [ RunTime:0.001204s ]
ERR: 无法加载模块:Js

[ 2016-12-08T11:09:38+08:00 ] 127.0.0.1 /C2C/index.php/js/mumayi_top.js
INFO: [ app_init ] --START--
INFO: Run Behavior\BuildLiteBehavior [ RunTime:0.000030s ]
INFO: [ app_init ] --END-- [ RunTime:0.001185s ]
ERR: 无法加载模块:Js

[ 2016-12-08T11:09:38+08:00 ] 127.0.0.1 /C2C/index.php/js/bootstrap.js
INFO: [ app_init ] --START--
INFO: Run Behavior\BuildLiteBehavior [ RunTime:0.000027s ]
INFO: [ app_init ] --END-- [ RunTime:0.000827s ]
ERR: 无法加载模块:Js

[ 2016-12-08T11:09:38+08:00 ] 127.0.0.1 /C2C/index.php/img/more.gif
INFO: [ app_init ] --START--
INFO: Run Behavior\BuildLiteBehavior [ RunTime:0.000036s ]
INFO: [ app_init ] --END-- [ RunTime:0.001705s ]
ERR: 无法加载模块:Img

[ 2016-12-08T11:09:38+08:00 ] 127.0.0.1 /C2C/index.php/js/re.js
INFO: [ app_init ] --START--
INFO: Run Behavior\BuildLiteBehavior [ RunTime:0.000038s ]
INFO: [ app_init ] --END-- [ RunTime:0.018700s ]
ERR: 无法加载模块:Js

[ 2016-12-08T11:09:38+08:00 ] 127.0.0.1 /C2C/index.php/img/one_title.png
INFO: [ app_init ] --START--
INFO: Run Behavior\BuildLiteBehavior [ RunTime:0.000027s ]
INFO: [ app_init ] --END-- [ RunTime:0.000873s ]
ERR: 无法加载模块:Img

[ 2016-12-08T11:15:03+08:00 ] 127.0.0.1 /C2C/index.php/js/mumayi_top.js
INFO: [ app_init ] --START--
INFO: Run Behavior\BuildLiteBehavior [ RunTime:0.000032s ]
INFO: [ app_init ] --END-- [ RunTime:0.000909s ]
ERR: 无法加载模块:Js

[ 2016-12-08T11:15:03+08:00 ] 127.0.0.1 /C2C/index.php/js/jquery-2.1.4.min.js
INFO: [ app_init ] --START--
INFO: Run Behavior\BuildLiteBehavior [ RunTime:0.000030s ]
INFO: [ app_init ] --END-- [ RunTime:0.001032s ]
ERR: 无法加载模块:Js

[ 2016-12-08T11:15:03+08:00 ] 127.0.0.1 /C2C/index.php/js/bootstrap.js
INFO: [ app_init ] --START--
INFO: Run Behavior\BuildLiteBehavior [ RunTime:0.000033s ]
INFO: [ app_init ] --END-- [ RunTime:0.000944s ]
ERR: 无法加载模块:Js

[ 2016-12-08T11:15:03+08:00 ] 127.0.0.1 /C2C/index.php/js/re.js
INFO: [ app_init ] --START--
INFO: Run Behavior\BuildLiteBehavior [ RunTime:0.000029s ]
INFO: [ app_init ] --END-- [ RunTime:0.000953s ]
ERR: 无法加载模块:Js

[ 2016-12-08T11:15:03+08:00 ] 127.0.0.1 /C2C/index.php/img/more.gif
INFO: [ app_init ] --START--
INFO: Run Behavior\BuildLiteBehavior [ RunTime:0.000033s ]
INFO: [ app_init ] --END-- [ RunTime:0.002932s ]
ERR: 无法加载模块:Img

[ 2016-12-08T11:15:03+08:00 ] 127.0.0.1 /C2C/index.php/img/one_title.png
INFO: [ app_init ] --START--
INFO: Run Behavior\BuildLiteBehavior [ RunTime:0.000036s ]
INFO: [ app_init ] --END-- [ RunTime:0.001019s ]
ERR: 无法加载模块:Img

[ 2016-12-08T11:18:32+08:00 ] 127.0.0.1 /C2C/index.php/js/mumayi_top.js
INFO: [ app_init ] --START--
INFO: Run Behavior\BuildLiteBehavior [ RunTime:0.000029s ]
INFO: [ app_init ] --END-- [ RunTime:0.000857s ]
ERR: 无法加载模块:Js

[ 2016-12-08T11:18:32+08:00 ] 127.0.0.1 /C2C/index.php/js/jquery-2.1.4.min.js
INFO: [ app_init ] --START--
INFO: Run Behavior\BuildLiteBehavior [ RunTime:0.000088s ]
INFO: [ app_init ] --END-- [ RunTime:0.001898s ]
ERR: 无法加载模块:Js

[ 2016-12-08T11:18:32+08:00 ] 127.0.0.1 /C2C/index.php/js/bootstrap.js
INFO: [ app_init ] --START--
INFO: Run Behavior\BuildLiteBehavior [ RunTime:0.000033s ]
INFO: [ app_init ] --END-- [ RunTime:0.001076s ]
ERR: 无法加载模块:Js

[ 2016-12-08T11:18:32+08:00 ] 127.0.0.1 /C2C/index.php/img/more.gif
INFO: [ app_init ] --START--
INFO: Run Behavior\BuildLiteBehavior [ RunTime:0.000064s ]
INFO: [ app_init ] --END-- [ RunTime:0.001666s ]
ERR: 无法加载模块:Img

[ 2016-12-08T11:18:32+08:00 ] 127.0.0.1 /C2C/index.php/img/one_title.png
INFO: [ app_init ] --START--
INFO: Run Behavior\BuildLiteBehavior [ RunTime:0.000028s ]
INFO: [ app_init ] --END-- [ RunTime:0.000878s ]
ERR: 无法加载模块:Img

[ 2016-12-08T11:18:33+08:00 ] 127.0.0.1 /C2C/index.php/js/re.js
INFO: [ app_init ] --START--
INFO: Run Behavior\BuildLiteBehavior [ RunTime:0.000063s ]
INFO: [ app_init ] --END-- [ RunTime:0.004506s ]
ERR: 无法加载模块:Js

[ 2016-12-08T11:18:39+08:00 ] 127.0.0.1 /C2C/index.php/img/one_title.png
INFO: [ app_init ] --START--
INFO: Run Behavior\BuildLiteBehavior [ RunTime:0.000033s ]
INFO: [ app_init ] --END-- [ RunTime:0.001176s ]
ERR: 无法加载模块:Img

[ 2016-12-08T11:18:39+08:00 ] 127.0.0.1 /C2C/index.php/img/more.gif
INFO: [ app_init ] --START--
INFO: Run Behavior\BuildLiteBehavior [ RunTime:0.000030s ]
INFO: [ app_init ] --END-- [ RunTime:0.002197s ]
ERR: 无法加载模块:Img

[ 2016-12-08T11:18:39+08:00 ] 127.0.0.1 /C2C/index.php/js/mumayi_top.js
INFO: [ app_init ] --START--
INFO: Run Behavior\BuildLiteBehavior [ RunTime:0.000026s ]
INFO: [ app_init ] --END-- [ RunTime:0.000864s ]
ERR: 无法加载模块:Js

[ 2016-12-08T11:18:39+08:00 ] 127.0.0.1 /C2C/index.php/js/jquery-2.1.4.min.js
INFO: [ app_init ] --START--
INFO: Run Behavior\BuildLiteBehavior [ RunTime:0.000029s ]
INFO: [ app_init ] --END-- [ RunTime:0.000944s ]
ERR: 无法加载模块:Js

[ 2016-12-08T11:18:39+08:00 ] 127.0.0.1 /C2C/index.php/js/bootstrap.js
INFO: [ app_init ] --START--
INFO: Run Behavior\BuildLiteBehavior [ RunTime:0.000030s ]
INFO: [ app_init ] --END-- [ RunTime:0.001065s ]
ERR: 无法加载模块:Js

[ 2016-12-08T11:18:39+08:00 ] 127.0.0.1 /C2C/index.php/js/re.js
INFO: [ app_init ] --START--
INFO: Run Behavior\BuildLiteBehavior [ RunTime:0.000029s ]
INFO: [ app_init ] --END-- [ RunTime:0.000951s ]
ERR: 无法加载模块:Js

[ 2016-12-08T14:04:09+08:00 ] 127.0.0.1 /C2C/index.php/img/more.gif
INFO: [ app_init ] --START--
INFO: Run Behavior\BuildLiteBehavior [ RunTime:0.000031s ]
INFO: [ app_init ] --END-- [ RunTime:0.001336s ]
ERR: 无法加载模块:Img

[ 2016-12-08T14:04:09+08:00 ] 127.0.0.1 /C2C/index.php/_PUBLIC_/%22;
INFO: [ app_init ] --START--
INFO: Run Behavior\BuildLiteBehavior [ RunTime:0.000035s ]
INFO: [ app_init ] --END-- [ RunTime:0.001551s ]
ERR: 无法加载模块:_PUBLIC_

[ 2016-12-08T14:04:09+08:00 ] 127.0.0.1 /C2C/index.php/js/mumayi_top.js
INFO: [ app_init ] --START--
INFO: Run Behavior\BuildLiteBehavior [ RunTime:0.000029s ]
INFO: [ app_init ] --END-- [ RunTime:0.001490s ]
ERR: 无法加载模块:Js

[ 2016-12-08T14:04:09+08:00 ] 127.0.0.1 /C2C/index.php/js/bootstrap.js
INFO: [ app_init ] --START--
INFO: Run Behavior\BuildLiteBehavior [ RunTime:0.000037s ]
INFO: [ app_init ] --END-- [ RunTime:0.003379s ]
ERR: 无法加载模块:Js

[ 2016-12-08T14:04:09+08:00 ] 127.0.0.1 /C2C/index.php/js/re.js
INFO: [ app_init ] --START--
INFO: Run Behavior\BuildLiteBehavior [ RunTime:0.000031s ]
INFO: [ app_init ] --END-- [ RunTime:0.001183s ]
ERR: 无法加载模块:Js

[ 2016-12-08T14:04:09+08:00 ] 127.0.0.1 /C2C/index.php/js/jquery-2.1.4.min.js
INFO: [ app_init ] --START--
INFO: Run Behavior\BuildLiteBehavior [ RunTime:0.000031s ]
INFO: [ app_init ] --END-- [ RunTime:0.000963s ]
ERR: 无法加载模块:Js

[ 2016-12-08T14:04:10+08:00 ] 127.0.0.1 /C2C/index.php/img/more.gif
INFO: [ app_init ] --START--
INFO: Run Behavior\BuildLiteBehavior [ RunTime:0.000028s ]
INFO: [ app_init ] --END-- [ RunTime:0.001345s ]
ERR: 无法加载模块:Img

[ 2016-12-08T14:04:10+08:00 ] 127.0.0.1 /C2C/index.php/img/one_title.png
INFO: [ app_init ] --START--
INFO: Run Behavior\BuildLiteBehavior [ RunTime:0.000033s ]
INFO: [ app_init ] --END-- [ RunTime:0.023305s ]
ERR: 无法加载模块:Img

[ 2016-12-08T14:12:51+08:00 ] 127.0.0.1 /C2C/index.php/js/jquery-2.1.4.min.js
INFO: [ app_init ] --START--
INFO: Run Behavior\BuildLiteBehavior [ RunTime:0.000030s ]
INFO: [ app_init ] --END-- [ RunTime:0.000971s ]
ERR: 无法加载模块:Js

[ 2016-12-08T14:12:51+08:00 ] 127.0.0.1 /C2C/index.php/js/mumayi_top.js
INFO: [ app_init ] --START--
INFO: Run Behavior\BuildLiteBehavior [ RunTime:0.000029s ]
INFO: [ app_init ] --END-- [ RunTime:0.001084s ]
ERR: 无法加载模块:Js

[ 2016-12-08T14:12:51+08:00 ] 127.0.0.1 /C2C/index.php/js/bootstrap.js
INFO: [ app_init ] --START--
INFO: Run Behavior\BuildLiteBehavior [ RunTime:0.000034s ]
INFO: [ app_init ] --END-- [ RunTime:0.002802s ]
ERR: 无法加载模块:Js

[ 2016-12-08T14:12:51+08:00 ] 127.0.0.1 /C2C/index.php/js/re.js
INFO: [ app_init ] --START--
INFO: Run Behavior\BuildLiteBehavior [ RunTime:0.000036s ]
INFO: [ app_init ] --END-- [ RunTime:0.001341s ]
ERR: 无法加载模块:Js

[ 2016-12-08T14:12:51+08:00 ] 127.0.0.1 /C2C/index.php/img/more.gif
INFO: [ app_init ] --START--
INFO: Run Behavior\BuildLiteBehavior [ RunTime:0.000026s ]
INFO: [ app_init ] --END-- [ RunTime:0.000830s ]
ERR: 无法加载模块:Img

[ 2016-12-08T14:12:51+08:00 ] 127.0.0.1 /C2C/index.php/_PUBLIC_/
INFO: [ app_init ] --START--
INFO: Run Behavior\BuildLiteBehavior [ RunTime:0.000031s ]
INFO: [ app_init ] --END-- [ RunTime:0.000960s ]
ERR: 无法加载模块:_PUBLIC_

[ 2016-12-08T14:12:51+08:00 ] 127.0.0.1 /C2C/index.php/img/one_title.png
INFO: [ app_init ] --START--
INFO: Run Behavior\BuildLiteBehavior [ RunTime:0.000048s ]
INFO: [ app_init ] --END-- [ RunTime:0.002206s ]
ERR: 无法加载模块:Img

[ 2016-12-08T14:23:52+08:00 ] 127.0.0.1 /C2C/index.php/js/mumayi_top.js
INFO: [ app_init ] --START--
INFO: Run Behavior\BuildLiteBehavior [ RunTime:0.000041s ]
INFO: [ app_init ] --END-- [ RunTime:0.001182s ]
ERR: 无法加载模块:Js

[ 2016-12-08T14:23:52+08:00 ] 127.0.0.1 /C2C/index.php/js/jquery-2.1.4.min.js
INFO: [ app_init ] --START--
INFO: Run Behavior\BuildLiteBehavior [ RunTime:0.000030s ]
INFO: [ app_init ] --END-- [ RunTime:0.000933s ]
ERR: 无法加载模块:Js

[ 2016-12-08T14:23:52+08:00 ] 127.0.0.1 /C2C/index.php/js/bootstrap.js
INFO: [ app_init ] --START--
INFO: Run Behavior\BuildLiteBehavior [ RunTime:0.000029s ]
INFO: [ app_init ] --END-- [ RunTime:0.001023s ]
ERR: 无法加载模块:Js

[ 2016-12-08T14:23:52+08:00 ] 127.0.0.1 /C2C/index.php/js/re.js
INFO: [ app_init ] --START--
INFO: Run Behavior\BuildLiteBehavior [ RunTime:0.000030s ]
INFO: [ app_init ] --END-- [ RunTime:0.000999s ]
ERR: 无法加载模块:Js

[ 2016-12-08T14:23:52+08:00 ] 127.0.0.1 /C2C/index.php/img/more.gif
INFO: [ app_init ] --START--
INFO: Run Behavior\BuildLiteBehavior [ RunTime:0.000028s ]
INFO: [ app_init ] --END-- [ RunTime:0.000885s ]
ERR: 无法加载模块:Img

[ 2016-12-08T14:23:52+08:00 ] 127.0.0.1 /C2C/index.php/_PUBLIC_/Home/img/%E6%95%99%E5%B8%88.png
INFO: [ app_init ] --START--
INFO: Run Behavior\BuildLiteBehavior [ RunTime:0.000032s ]
INFO: [ app_init ] --END-- [ RunTime:0.001808s ]
ERR: 无法加载模块:_PUBLIC_

[ 2016-12-08T14:23:52+08:00 ] 127.0.0.1 /C2C/index.php/img/one_title.png
INFO: [ app_init ] --START--
INFO: Run Behavior\BuildLiteBehavior [ RunTime:0.000034s ]
INFO: [ app_init ] --END-- [ RunTime:0.001060s ]
ERR: 无法加载模块:Img

[ 2016-12-08T14:24:47+08:00 ] 127.0.0.1 /C2C/index.php/js/mumayi_top.js
INFO: [ app_init ] --START--
INFO: Run Behavior\BuildLiteBehavior [ RunTime:0.000030s ]
INFO: [ app_init ] --END-- [ RunTime:0.002364s ]
ERR: 无法加载模块:Js

[ 2016-12-08T14:24:47+08:00 ] 127.0.0.1 /C2C/index.php/js/bootstrap.js
INFO: [ app_init ] --START--
INFO: Run Behavior\BuildLiteBehavior [ RunTime:0.000032s ]
INFO: [ app_init ] --END-- [ RunTime:0.001123s ]
ERR: 无法加载模块:Js

[ 2016-12-08T14:24:47+08:00 ] 127.0.0.1 /C2C/index.php/js/re.js
INFO: [ app_init ] --START--
INFO: Run Behavior\BuildLiteBehavior [ RunTime:0.000031s ]
INFO: [ app_init ] --END-- [ RunTime:0.000871s ]
ERR: 无法加载模块:Js

[ 2016-12-08T14:24:47+08:00 ] 127.0.0.1 /C2C/index.php/js/jquery-2.1.4.min.js
INFO: [ app_init ] --START--
INFO: Run Behavior\BuildLiteBehavior [ RunTime:0.000033s ]
INFO: [ app_init ] --END-- [ RunTime:0.018291s ]
ERR: 无法加载模块:Js

[ 2016-12-08T14:24:47+08:00 ] 127.0.0.1 /C2C/index.php/img/more.gif
INFO: [ app_init ] --START--
INFO: Run Behavior\BuildLiteBehavior [ RunTime:0.000035s ]
INFO: [ app_init ] --END-- [ RunTime:0.002016s ]
ERR: 无法加载模块:Img

[ 2016-12-08T14:24:47+08:00 ] 127.0.0.1 /C2C/index.php/img/one_title.png
INFO: [ app_init ] --START--
INFO: Run Behavior\BuildLiteBehavior [ RunTime:0.000035s ]
INFO: [ app_init ] --END-- [ RunTime:0.001456s ]
ERR: 无法加载模块:Img

[ 2016-12-08T14:25:54+08:00 ] 127.0.0.1 /C2C/index.php/js/mumayi_top.js
INFO: [ app_init ] --START--
INFO: Run Behavior\BuildLiteBehavior [ RunTime:0.000033s ]
INFO: [ app_init ] --END-- [ RunTime:0.001133s ]
ERR: 无法加载模块:Js

[ 2016-12-08T14:25:54+08:00 ] 127.0.0.1 /C2C/index.php/js/jquery-2.1.4.min.js
INFO: [ app_init ] --START--
INFO: Run Behavior\BuildLiteBehavior [ RunTime:0.000029s ]
INFO: [ app_init ] --END-- [ RunTime:0.001119s ]
ERR: 无法加载模块:Js

[ 2016-12-08T14:25:54+08:00 ] 127.0.0.1 /C2C/index.php/js/bootstrap.js
INFO: [ app_init ] --START--
INFO: Run Behavior\BuildLiteBehavior [ RunTime:0.000034s ]
INFO: [ app_init ] --END-- [ RunTime:0.001310s ]
ERR: 无法加载模块:Js

[ 2016-12-08T14:25:54+08:00 ] 127.0.0.1 /C2C/index.php/js/re.js
INFO: [ app_init ] --START--
INFO: Run Behavior\BuildLiteBehavior [ RunTime:0.000057s ]
INFO: [ app_init ] --END-- [ RunTime:0.002554s ]
ERR: 无法加载模块:Js

[ 2016-12-08T14:25:54+08:00 ] 127.0.0.1 /C2C/index.php/img/more.gif
INFO: [ app_init ] --START--
INFO: Run Behavior\BuildLiteBehavior [ RunTime:0.000028s ]
INFO: [ app_init ] --END-- [ RunTime:0.000988s ]
ERR: 无法加载模块:Img

[ 2016-12-08T14:25:54+08:00 ] 127.0.0.1 /C2C/index.php/;%20id=
INFO: [ app_init ] --START--
INFO: Run Behavior\BuildLiteBehavior [ RunTime:0.000034s ]
INFO: [ app_init ] --END-- [ RunTime:0.001041s ]
ERR: 无法加载模块:; id=

[ 2016-12-08T14:25:54+08:00 ] 127.0.0.1 /C2C/index.php/img/one_title.png
INFO: [ app_init ] --START--
INFO: Run Behavior\BuildLiteBehavior [ RunTime:0.000028s ]
INFO: [ app_init ] --END-- [ RunTime:0.000960s ]
ERR: 无法加载模块:Img

[ 2016-12-08T14:26:40+08:00 ] 127.0.0.1 /C2C/index.php/js/mumayi_top.js
INFO: [ app_init ] --START--
INFO: Run Behavior\BuildLiteBehavior [ RunTime:0.000032s ]
INFO: [ app_init ] --END-- [ RunTime:0.000963s ]
ERR: 无法加载模块:Js

[ 2016-12-08T14:26:40+08:00 ] 127.0.0.1 /C2C/index.php/js/jquery-2.1.4.min.js
INFO: [ app_init ] --START--
INFO: Run Behavior\BuildLiteBehavior [ RunTime:0.000031s ]
INFO: [ app_init ] --END-- [ RunTime:0.000932s ]
ERR: 无法加载模块:Js

[ 2016-12-08T14:26:40+08:00 ] 127.0.0.1 /C2C/index.php/js/bootstrap.js
INFO: [ app_init ] --START--
INFO: Run Behavior\BuildLiteBehavior [ RunTime:0.000029s ]
INFO: [ app_init ] --END-- [ RunTime:0.000993s ]
ERR: 无法加载模块:Js

[ 2016-12-08T14:26:41+08:00 ] 127.0.0.1 /C2C/index.php/img/more.gif
INFO: [ app_init ] --START--
INFO: Run Behavior\BuildLiteBehavior [ RunTime:0.000033s ]
INFO: [ app_init ] --END-- [ RunTime:0.001018s ]
ERR: 无法加载模块:Img

[ 2016-12-08T14:26:41+08:00 ] 127.0.0.1 /C2C/index.php/js/re.js
INFO: [ app_init ] --START--
INFO: Run Behavior\BuildLiteBehavior [ RunTime:0.000030s ]
INFO: [ app_init ] --END-- [ RunTime:0.000919s ]
ERR: 无法加载模块:Js

[ 2016-12-08T14:26:41+08:00 ] 127.0.0.1 /C2C/index.php/img/one_title.png
INFO: [ app_init ] --START--
INFO: Run Behavior\BuildLiteBehavior [ RunTime:0.000031s ]
INFO: [ app_init ] --END-- [ RunTime:0.001135s ]
ERR: 无法加载模块:Img

[ 2016-12-08T14:27:26+08:00 ] 127.0.0.1 /C2C/index.php/js/mumayi_top.js
INFO: [ app_init ] --START--
INFO: Run Behavior\BuildLiteBehavior [ RunTime:0.000030s ]
INFO: [ app_init ] --END-- [ RunTime:0.000905s ]
ERR: 无法加载模块:Js

[ 2016-12-08T14:27:26+08:00 ] 127.0.0.1 /C2C/index.php/js/bootstrap.js
INFO: [ app_init ] --START--
INFO: Run Behavior\BuildLiteBehavior [ RunTime:0.000029s ]
INFO: [ app_init ] --END-- [ RunTime:0.000952s ]
ERR: 无法加载模块:Js

[ 2016-12-08T14:27:26+08:00 ] 127.0.0.1 /C2C/index.php/js/re.js
INFO: [ app_init ] --START--
INFO: Run Behavior\BuildLiteBehavior [ RunTime:0.000046s ]
INFO: [ app_init ] --END-- [ RunTime:0.002066s ]
ERR: 无法加载模块:Js

[ 2016-12-08T14:27:26+08:00 ] 127.0.0.1 /C2C/index.php/img/more.gif
INFO: [ app_init ] --START--
INFO: Run Behavior\BuildLiteBehavior [ RunTime:0.000033s ]
INFO: [ app_init ] --END-- [ RunTime:0.001032s ]
ERR: 无法加载模块:Img

[ 2016-12-08T14:27:26+08:00 ] 127.0.0.1 /C2C/index.php/js/jquery-2.1.4.min.js
INFO: [ app_init ] --START--
INFO: Run Behavior\BuildLiteBehavior [ RunTime:0.000032s ]
INFO: [ app_init ] --END-- [ RunTime:0.001134s ]
ERR: 无法加载模块:Js

[ 2016-12-08T14:27:26+08:00 ] 127.0.0.1 /C2C/index.php/img/one_title.png
INFO: [ app_init ] --START--
INFO: Run Behavior\BuildLiteBehavior [ RunTime:0.000027s ]
INFO: [ app_init ] --END-- [ RunTime:0.000854s ]
ERR: 无法加载模块:Img

[ 2016-12-08T14:33:55+08:00 ] 127.0.0.1 /C2C/index.php/img/more.gif
INFO: [ app_init ] --START--
INFO: Run Behavior\BuildLiteBehavior [ RunTime:0.000029s ]
INFO: [ app_init ] --END-- [ RunTime:0.000888s ]
ERR: 无法加载模块:Img

[ 2016-12-08T14:33:55+08:00 ] 127.0.0.1 /C2C/index.php/js/mumayi_top.js
INFO: [ app_init ] --START--
INFO: Run Behavior\BuildLiteBehavior [ RunTime:0.000027s ]
INFO: [ app_init ] --END-- [ RunTime:0.000894s ]
ERR: 无法加载模块:Js

[ 2016-12-08T14:33:55+08:00 ] 127.0.0.1 /C2C/index.php/js/bootstrap.js
INFO: [ app_init ] --START--
INFO: Run Behavior\BuildLiteBehavior [ RunTime:0.000028s ]
INFO: [ app_init ] --END-- [ RunTime:0.000885s ]
ERR: 无法加载模块:Js

[ 2016-12-08T14:33:55+08:00 ] 127.0.0.1 /C2C/index.php/js/re.js
INFO: [ app_init ] --START--
INFO: Run Behavior\BuildLiteBehavior [ RunTime:0.000028s ]
INFO: [ app_init ] --END-- [ RunTime:0.000921s ]
ERR: 无法加载模块:Js

[ 2016-12-08T14:33:55+08:00 ] 127.0.0.1 /C2C/index.php/img/one_title.png
INFO: [ app_init ] --START--
INFO: Run Behavior\BuildLiteBehavior [ RunTime:0.000027s ]
INFO: [ app_init ] --END-- [ RunTime:0.000911s ]
ERR: 无法加载模块:Img

[ 2016-12-08T14:33:55+08:00 ] 127.0.0.1 /C2C/index.php/js/jquery-2.1.4.min.js
INFO: [ app_init ] --START--
INFO: Run Behavior\BuildLiteBehavior [ RunTime:0.000036s ]
INFO: [ app_init ] --END-- [ RunTime:0.002026s ]
ERR: 无法加载模块:Js

[ 2016-12-08T14:49:38+08:00 ] 127.0.0.1 /C2C/index.php/img/more.gif
INFO: [ app_init ] --START--
INFO: Run Behavior\BuildLiteBehavior [ RunTime:0.000029s ]
INFO: [ app_init ] --END-- [ RunTime:0.001218s ]
ERR: 无法加载模块:Img

[ 2016-12-08T14:49:38+08:00 ] 127.0.0.1 /C2C/index.php/img/one_title.png
INFO: [ app_init ] --START--
INFO: Run Behavior\BuildLiteBehavior [ RunTime:0.000032s ]
INFO: [ app_init ] --END-- [ RunTime:0.001014s ]
ERR: 无法加载模块:Img

[ 2016-12-08T14:49:38+08:00 ] 127.0.0.1 /C2C/index.php/js/jquery-2.1.4.min.js
INFO: [ app_init ] --START--
INFO: Run Behavior\BuildLiteBehavior [ RunTime:0.000036s ]
INFO: [ app_init ] --END-- [ RunTime:0.001636s ]
ERR: 无法加载模块:Js

[ 2016-12-08T14:49:38+08:00 ] 127.0.0.1 /C2C/index.php/js/mumayi_top.js
INFO: [ app_init ] --START--
INFO: Run Behavior\BuildLiteBehavior [ RunTime:0.000033s ]
INFO: [ app_init ] --END-- [ RunTime:0.004946s ]
ERR: 无法加载模块:Js

[ 2016-12-08T14:49:38+08:00 ] 127.0.0.1 /C2C/index.php/js/re.js
INFO: [ app_init ] --START--
INFO: Run Behavior\BuildLiteBehavior [ RunTime:0.000035s ]
INFO: [ app_init ] --END-- [ RunTime:0.001239s ]
ERR: 无法加载模块:Js

[ 2016-12-08T14:49:38+08:00 ] 127.0.0.1 /C2C/index.php/js/bootstrap.js
INFO: [ app_init ] --START--
INFO: Run Behavior\BuildLiteBehavior [ RunTime:0.000033s ]
INFO: [ app_init ] --END-- [ RunTime:0.004078s ]
ERR: 无法加载模块:Js

[ 2016-12-08T14:50:04+08:00 ] 127.0.0.1 /C2C/index.php/img/more.gif
INFO: [ app_init ] --START--
INFO: Run Behavior\BuildLiteBehavior [ RunTime:0.000037s ]
INFO: [ app_init ] --END-- [ RunTime:0.010219s ]
ERR: 无法加载模块:Img

[ 2016-12-08T14:50:04+08:00 ] 127.0.0.1 /C2C/index.php/js/mumayi_top.js
INFO: [ app_init ] --START--
INFO: Run Behavior\BuildLiteBehavior [ RunTime:0.000031s ]
INFO: [ app_init ] --END-- [ RunTime:0.001091s ]
ERR: 无法加载模块:Js

[ 2016-12-08T14:50:04+08:00 ] 127.0.0.1 /C2C/index.php/img/one_title.png
INFO: [ app_init ] --START--
INFO: Run Behavior\BuildLiteBehavior [ RunTime:0.000028s ]
INFO: [ app_init ] --END-- [ RunTime:0.000920s ]
ERR: 无法加载模块:Img

[ 2016-12-08T14:50:04+08:00 ] 127.0.0.1 /C2C/index.php/js/jquery-2.1.4.min.js
INFO: [ app_init ] --START--
INFO: Run Behavior\BuildLiteBehavior [ RunTime:0.000029s ]
INFO: [ app_init ] --END-- [ RunTime:0.000857s ]
ERR: 无法加载模块:Js

[ 2016-12-08T14:50:04+08:00 ] 127.0.0.1 /C2C/index.php/js/bootstrap.js
INFO: [ app_init ] --START--
INFO: Run Behavior\BuildLiteBehavior [ RunTime:0.000034s ]
INFO: [ app_init ] --END-- [ RunTime:0.003886s ]
ERR: 无法加载模块:Js

[ 2016-12-08T14:50:04+08:00 ] 127.0.0.1 /C2C/index.php/js/re.js
INFO: [ app_init ] --START--
INFO: Run Behavior\BuildLiteBehavior [ RunTime:0.000039s ]
INFO: [ app_init ] --END-- [ RunTime:0.001981s ]
ERR: 无法加载模块:Js

[ 2016-12-08T14:50:04+08:00 ] 127.0.0.1 /C2C/index.php/img/more.gif
INFO: [ app_init ] --START--
INFO: Run Behavior\BuildLiteBehavior [ RunTime:0.000030s ]
INFO: [ app_init ] --END-- [ RunTime:0.000978s ]
ERR: 无法加载模块:Img

[ 2016-12-08T14:53:24+08:00 ] 127.0.0.1 /C2C/index.php/img/more.gif
INFO: [ app_init ] --START--
INFO: Run Behavior\BuildLiteBehavior [ RunTime:0.000039s ]
INFO: [ app_init ] --END-- [ RunTime:0.001138s ]
ERR: 无法加载模块:Img

[ 2016-12-08T14:53:24+08:00 ] 127.0.0.1 /C2C/index.php/img/one_title.png
INFO: [ app_init ] --START--
INFO: Run Behavior\BuildLiteBehavior [ RunTime:0.000028s ]
INFO: [ app_init ] --END-- [ RunTime:0.000873s ]
ERR: 无法加载模块:Img

[ 2016-12-08T14:53:24+08:00 ] 127.0.0.1 /C2C/index.php/js/mumayi_top.js
INFO: [ app_init ] --START--
INFO: Run Behavior\BuildLiteBehavior [ RunTime:0.000039s ]
INFO: [ app_init ] --END-- [ RunTime:0.001014s ]
ERR: 无法加载模块:Js

[ 2016-12-08T14:53:24+08:00 ] 127.0.0.1 /C2C/index.php/js/re.js
INFO: [ app_init ] --START--
INFO: Run Behavior\BuildLiteBehavior [ RunTime:0.000029s ]
INFO: [ app_init ] --END-- [ RunTime:0.001223s ]
ERR: 无法加载模块:Js

[ 2016-12-08T14:53:24+08:00 ] 127.0.0.1 /C2C/index.php/js/bootstrap.js
INFO: [ app_init ] --START--
INFO: Run Behavior\BuildLiteBehavior [ RunTime:0.000035s ]
INFO: [ app_init ] --END-- [ RunTime:0.002541s ]
ERR: 无法加载模块:Js

[ 2016-12-08T14:53:24+08:00 ] 127.0.0.1 /C2C/index.php/js/jquery-2.1.4.min.js
INFO: [ app_init ] --START--
INFO: Run Behavior\BuildLiteBehavior [ RunTime:0.000029s ]
INFO: [ app_init ] --END-- [ RunTime:0.001010s ]
ERR: 无法加载模块:Js

[ 2016-12-08T14:53:24+08:00 ] 127.0.0.1 /C2C/index.php/img/more.gif
INFO: [ app_init ] --START--
INFO: Run Behavior\BuildLiteBehavior [ RunTime:0.000036s ]
INFO: [ app_init ] --END-- [ RunTime:0.001089s ]
ERR: 无法加载模块:Img

[ 2016-12-08T14:53:31+08:00 ] 127.0.0.1 /C2C/index.php/img/more.gif
INFO: [ app_init ] --START--
INFO: Run Behavior\BuildLiteBehavior [ RunTime:0.000029s ]
INFO: [ app_init ] --END-- [ RunTime:0.001104s ]
ERR: 无法加载模块:Img

[ 2016-12-08T14:53:31+08:00 ] 127.0.0.1 /C2C/index.php/js/mumayi_top.js
INFO: [ app_init ] --START--
INFO: Run Behavior\BuildLiteBehavior [ RunTime:0.000030s ]
INFO: [ app_init ] --END-- [ RunTime:0.000938s ]
ERR: 无法加载模块:Js

[ 2016-12-08T14:53:31+08:00 ] 127.0.0.1 /C2C/index.php/js/jquery-2.1.4.min.js
INFO: [ app_init ] --START--
INFO: Run Behavior\BuildLiteBehavior [ RunTime:0.000036s ]
INFO: [ app_init ] --END-- [ RunTime:0.001614s ]
ERR: 无法加载模块:Js

[ 2016-12-08T14:53:31+08:00 ] 127.0.0.1 /C2C/index.php/js/bootstrap.js
INFO: [ app_init ] --START--
INFO: Run Behavior\BuildLiteBehavior [ RunTime:0.000029s ]
INFO: [ app_init ] --END-- [ RunTime:0.000969s ]
ERR: 无法加载模块:Js

[ 2016-12-08T14:53:31+08:00 ] 127.0.0.1 /C2C/index.php/js/re.js
INFO: [ app_init ] --START--
INFO: Run Behavior\BuildLiteBehavior [ RunTime:0.000081s ]
INFO: [ app_init ] --END-- [ RunTime:0.002524s ]
ERR: 无法加载模块:Js

[ 2016-12-08T14:53:31+08:00 ] 127.0.0.1 /C2C/index.php/%7Burl.picimg%7D
INFO: [ app_init ] --START--
INFO: Run Behavior\BuildLiteBehavior [ RunTime:0.000035s ]
INFO: [ app_init ] --END-- [ RunTime:0.005340s ]
ERR: 无法加载模块:{url

[ 2016-12-08T14:53:31+08:00 ] 127.0.0.1 /C2C/index.php/img/one_title.png
INFO: [ app_init ] --START--
INFO: Run Behavior\BuildLiteBehavior [ RunTime:0.000038s ]
INFO: [ app_init ] --END-- [ RunTime:0.001052s ]
ERR: 无法加载模块:Img

[ 2016-12-08T14:53:31+08:00 ] 127.0.0.1 /C2C/index.php/img/more.gif
INFO: [ app_init ] --START--
INFO: Run Behavior\BuildLiteBehavior [ RunTime:0.000031s ]
INFO: [ app_init ] --END-- [ RunTime:0.001082s ]
ERR: 无法加载模块:Img

[ 2016-12-08T14:55:02+08:00 ] 127.0.0.1 /C2C/index.php/js/jquery-2.1.4.min.js
INFO: [ app_init ] --START--
INFO: Run Behavior\BuildLiteBehavior [ RunTime:0.000032s ]
INFO: [ app_init ] --END-- [ RunTime:0.001127s ]
ERR: 无法加载模块:Js

[ 2016-12-08T14:55:02+08:00 ] 127.0.0.1 /C2C/index.php/js/re.js
INFO: [ app_init ] --START--
INFO: Run Behavior\BuildLiteBehavior [ RunTime:0.000027s ]
INFO: [ app_init ] --END-- [ RunTime:0.000949s ]
ERR: 无法加载模块:Js

[ 2016-12-08T14:55:02+08:00 ] 127.0.0.1 /C2C/index.php/img/more.gif
INFO: [ app_init ] --START--
INFO: Run Behavior\BuildLiteBehavior [ RunTime:0.000032s ]
INFO: [ app_init ] --END-- [ RunTime:0.001280s ]
ERR: 无法加载模块:Img

[ 2016-12-08T14:55:02+08:00 ] 127.0.0.1 /C2C/index.php/js/bootstrap.js
INFO: [ app_init ] --START--
INFO: Run Behavior\BuildLiteBehavior [ RunTime:0.000035s ]
INFO: [ app_init ] --END-- [ RunTime:0.001186s ]
ERR: 无法加载模块:Js

[ 2016-12-08T14:55:02+08:00 ] 127.0.0.1 /C2C/index.php/img/one_title.png
INFO: [ app_init ] --START--
INFO: Run Behavior\BuildLiteBehavior [ RunTime:0.000031s ]
INFO: [ app_init ] --END-- [ RunTime:0.002318s ]
ERR: 无法加载模块:Img

[ 2016-12-08T14:55:02+08:00 ] 127.0.0.1 /C2C/index.php/js/mumayi_top.js
INFO: [ app_init ] --START--
INFO: Run Behavior\BuildLiteBehavior [ RunTime:0.000195s ]
INFO: [ app_init ] --END-- [ RunTime:0.002089s ]
ERR: 无法加载模块:Js

[ 2016-12-08T14:55:02+08:00 ] 127.0.0.1 /C2C/index.php/img/more.gif
INFO: [ app_init ] --START--
INFO: Run Behavior\BuildLiteBehavior [ RunTime:0.000031s ]
INFO: [ app_init ] --END-- [ RunTime:0.001123s ]
ERR: 无法加载模块:Img

[ 2016-12-08T14:55:43+08:00 ] 127.0.0.1 /C2C/index.php/img/more.gif
INFO: [ app_init ] --START--
INFO: Run Behavior\BuildLiteBehavior [ RunTime:0.000034s ]
INFO: [ app_init ] --END-- [ RunTime:0.001233s ]
ERR: 无法加载模块:Img

[ 2016-12-08T14:55:43+08:00 ] 127.0.0.1 /C2C/index.php/__PUBLIC__/Home/img/%E6%95%99%E5%B8%88.png
INFO: [ app_init ] --START--
INFO: Run Behavior\BuildLiteBehavior [ RunTime:0.000026s ]
INFO: [ app_init ] --END-- [ RunTime:0.001032s ]
ERR: 无法加载模块:__PUBLIC__

[ 2016-12-08T14:55:43+08:00 ] 127.0.0.1 /C2C/index.php/img/one_title.png
INFO: [ app_init ] --START--
INFO: Run Behavior\BuildLiteBehavior [ RunTime:0.000031s ]
INFO: [ app_init ] --END-- [ RunTime:0.001202s ]
ERR: 无法加载模块:Img

[ 2016-12-08T14:55:43+08:00 ] 127.0.0.1 /C2C/index.php/js/mumayi_top.js
INFO: [ app_init ] --START--
INFO: Run Behavior\BuildLiteBehavior [ RunTime:0.000033s ]
INFO: [ app_init ] --END-- [ RunTime:0.000920s ]
ERR: 无法加载模块:Js

[ 2016-12-08T14:55:43+08:00 ] 127.0.0.1 /C2C/index.php/js/bootstrap.js
INFO: [ app_init ] --START--
INFO: Run Behavior\BuildLiteBehavior [ RunTime:0.000034s ]
INFO: [ app_init ] --END-- [ RunTime:0.000995s ]
ERR: 无法加载模块:Js

[ 2016-12-08T14:55:43+08:00 ] 127.0.0.1 /C2C/index.php/js/jquery-2.1.4.min.js
INFO: [ app_init ] --START--
INFO: Run Behavior\BuildLiteBehavior [ RunTime:0.000038s ]
INFO: [ app_init ] --END-- [ RunTime:0.012223s ]
ERR: 无法加载模块:Js

[ 2016-12-08T14:55:43+08:00 ] 127.0.0.1 /C2C/index.php/js/re.js
INFO: [ app_init ] --START--
INFO: Run Behavior\BuildLiteBehavior [ RunTime:0.000034s ]
INFO: [ app_init ] --END-- [ RunTime:0.001299s ]
ERR: 无法加载模块:Js

[ 2016-12-08T14:55:43+08:00 ] 127.0.0.1 /C2C/index.php/img/more.gif
INFO: [ app_init ] --START--
INFO: Run Behavior\BuildLiteBehavior [ RunTime:0.000033s ]
INFO: [ app_init ] --END-- [ RunTime:0.001083s ]
ERR: 无法加载模块:Img

[ 2016-12-08T14:55:43+08:00 ] 127.0.0.1 /C2C/index.php/__PUBLIC__/Home/img/%E6%95%99%E5%B8%88.png
INFO: [ app_init ] --START--
INFO: Run Behavior\BuildLiteBehavior [ RunTime:0.000031s ]
INFO: [ app_init ] --END-- [ RunTime:0.001063s ]
ERR: 无法加载模块:__PUBLIC__

[ 2016-12-08T14:55:43+08:00 ] 127.0.0.1 /C2C/index.php/img/one_title.png
INFO: [ app_init ] --START--
INFO: Run Behavior\BuildLiteBehavior [ RunTime:0.000034s ]
INFO: [ app_init ] --END-- [ RunTime:0.024288s ]
ERR: 无法加载模块:Img

[ 2016-12-08T14:57:31+08:00 ] 127.0.0.1 /C2C/index.php/img/more.gif
INFO: [ app_init ] --START--
INFO: Run Behavior\BuildLiteBehavior [ RunTime:0.000030s ]
INFO: [ app_init ] --END-- [ RunTime:0.001308s ]
ERR: 无法加载模块:Img

[ 2016-12-08T14:57:31+08:00 ] 127.0.0.1 /C2C/index.php/js/bootstrap.js
INFO: [ app_init ] --START--
INFO: Run Behavior\BuildLiteBehavior [ RunTime:0.000031s ]
INFO: [ app_init ] --END-- [ RunTime:0.001007s ]
ERR: 无法加载模块:Js

[ 2016-12-08T14:57:31+08:00 ] 127.0.0.1 /C2C/index.php/js/re.js
INFO: [ app_init ] --START--
INFO: Run Behavior\BuildLiteBehavior [ RunTime:0.000029s ]
INFO: [ app_init ] --END-- [ RunTime:0.000989s ]
ERR: 无法加载模块:Js

[ 2016-12-08T14:57:31+08:00 ] 127.0.0.1 /C2C/index.php/js/jquery-2.1.4.min.js
INFO: [ app_init ] --START--
INFO: Run Behavior\BuildLiteBehavior [ RunTime:0.000031s ]
INFO: [ app_init ] --END-- [ RunTime:0.000942s ]
ERR: 无法加载模块:Js

[ 2016-12-08T14:57:31+08:00 ] 127.0.0.1 /C2C/index.php/js/mumayi_top.js
INFO: [ app_init ] --START--
INFO: Run Behavior\BuildLiteBehavior [ RunTime:0.000033s ]
INFO: [ app_init ] --END-- [ RunTime:0.001268s ]
ERR: 无法加载模块:Js

[ 2016-12-08T14:57:31+08:00 ] 127.0.0.1 /C2C/index.php/img/one_title.png
INFO: [ app_init ] --START--
INFO: Run Behavior\BuildLiteBehavior [ RunTime:0.000025s ]
INFO: [ app_init ] --END-- [ RunTime:0.001014s ]
ERR: 无法加载模块:Img

[ 2016-12-08T15:06:19+08:00 ] 127.0.0.1 /C2C/index.php/js/jquery-2.1.4.min.js
INFO: [ app_init ] --START--
INFO: Run Behavior\BuildLiteBehavior [ RunTime:0.000032s ]
INFO: [ app_init ] --END-- [ RunTime:0.001324s ]
ERR: 无法加载模块:Js

[ 2016-12-08T15:06:19+08:00 ] 127.0.0.1 /C2C/index.php/img/one_title.png
INFO: [ app_init ] --START--
INFO: Run Behavior\BuildLiteBehavior [ RunTime:0.000034s ]
INFO: [ app_init ] --END-- [ RunTime:0.001211s ]
ERR: 无法加载模块:Img

[ 2016-12-08T15:06:19+08:00 ] 127.0.0.1 /C2C/index.php/img/more.gif
INFO: [ app_init ] --START--
INFO: Run Behavior\BuildLiteBehavior [ RunTime:0.000032s ]
INFO: [ app_init ] --END-- [ RunTime:0.001329s ]
ERR: 无法加载模块:Img

[ 2016-12-08T15:06:19+08:00 ] 127.0.0.1 /C2C/index.php/js/mumayi_top.js
INFO: [ app_init ] --START--
INFO: Run Behavior\BuildLiteBehavior [ RunTime:0.000034s ]
INFO: [ app_init ] --END-- [ RunTime:0.001663s ]
ERR: 无法加载模块:Js

[ 2016-12-08T15:06:19+08:00 ] 127.0.0.1 /C2C/index.php/js/re.js
INFO: [ app_init ] --START--
INFO: Run Behavior\BuildLiteBehavior [ RunTime:0.000034s ]
INFO: [ app_init ] --END-- [ RunTime:0.005530s ]
ERR: 无法加载模块:Js

[ 2016-12-08T15:06:19+08:00 ] 127.0.0.1 /C2C/index.php/js/bootstrap.js
INFO: [ app_init ] --START--
INFO: Run Behavior\BuildLiteBehavior [ RunTime:0.000046s ]
INFO: [ app_init ] --END-- [ RunTime:0.001756s ]
ERR: 无法加载模块:Js

[ 2016-12-08T15:06:28+08:00 ] 127.0.0.1 /C2C/index.php/js/mumayi_top.js
INFO: [ app_init ] --START--
INFO: Run Behavior\BuildLiteBehavior [ RunTime:0.000035s ]
INFO: [ app_init ] --END-- [ RunTime:0.001120s ]
ERR: 无法加载模块:Js

[ 2016-12-08T15:06:28+08:00 ] 127.0.0.1 /C2C/index.php/js/jquery-2.1.4.min.js
INFO: [ app_init ] --START--
INFO: Run Behavior\BuildLiteBehavior [ RunTime:0.000038s ]
INFO: [ app_init ] --END-- [ RunTime:0.001136s ]
ERR: 无法加载模块:Js

[ 2016-12-08T15:06:28+08:00 ] 127.0.0.1 /C2C/index.php/js/re.js
INFO: [ app_init ] --START--
INFO: Run Behavior\BuildLiteBehavior [ RunTime:0.000046s ]
INFO: [ app_init ] --END-- [ RunTime:0.001872s ]
ERR: 无法加载模块:Js

[ 2016-12-08T15:06:28+08:00 ] 127.0.0.1 /C2C/index.php/js/bootstrap.js
INFO: [ app_init ] --START--
INFO: Run Behavior\BuildLiteBehavior [ RunTime:0.000043s ]
INFO: [ app_init ] --END-- [ RunTime:0.001403s ]
ERR: 无法加载模块:Js

[ 2016-12-08T15:06:28+08:00 ] 127.0.0.1 /C2C/index.php/img/more.gif
INFO: [ app_init ] --START--
INFO: Run Behavior\BuildLiteBehavior [ RunTime:0.000034s ]
INFO: [ app_init ] --END-- [ RunTime:0.001039s ]
ERR: 无法加载模块:Img

[ 2016-12-08T15:06:28+08:00 ] 127.0.0.1 /C2C/index.php/img/one_title.png
INFO: [ app_init ] --START--
INFO: Run Behavior\BuildLiteBehavior [ RunTime:0.000037s ]
INFO: [ app_init ] --END-- [ RunTime:0.001559s ]
ERR: 无法加载模块:Img

[ 2016-12-08T15:12:00+08:00 ] 127.0.0.1 /C2C/index.php/img/more.gif
INFO: [ app_init ] --START--
INFO: Run Behavior\BuildLiteBehavior [ RunTime:0.000030s ]
INFO: [ app_init ] --END-- [ RunTime:0.001736s ]
ERR: 无法加载模块:Img

[ 2016-12-08T15:12:00+08:00 ] 127.0.0.1 /C2C/index.php/img/one_title.png
INFO: [ app_init ] --START--
INFO: Run Behavior\BuildLiteBehavior [ RunTime:0.000033s ]
INFO: [ app_init ] --END-- [ RunTime:0.001197s ]
ERR: 无法加载模块:Img

[ 2016-12-08T15:12:00+08:00 ] 127.0.0.1 /C2C/index.php/js/jquery-2.1.4.min.js
INFO: [ app_init ] --START--
INFO: Run Behavior\BuildLiteBehavior [ RunTime:0.000032s ]
INFO: [ app_init ] --END-- [ RunTime:0.001045s ]
ERR: 无法加载模块:Js

[ 2016-12-08T15:12:00+08:00 ] 127.0.0.1 /C2C/index.php/js/bootstrap.js
INFO: [ app_init ] --START--
INFO: Run Behavior\BuildLiteBehavior [ RunTime:0.000028s ]
INFO: [ app_init ] --END-- [ RunTime:0.000918s ]
ERR: 无法加载模块:Js

[ 2016-12-08T15:12:00+08:00 ] 127.0.0.1 /C2C/index.php/js/mumayi_top.js
INFO: [ app_init ] --START--
INFO: Run Behavior\BuildLiteBehavior [ RunTime:0.000033s ]
INFO: [ app_init ] --END-- [ RunTime:0.001208s ]
ERR: 无法加载模块:Js

[ 2016-12-08T15:12:00+08:00 ] 127.0.0.1 /C2C/index.php/img/more.gif
INFO: [ app_init ] --START--
INFO: Run Behavior\BuildLiteBehavior [ RunTime:0.000031s ]
INFO: [ app_init ] --END-- [ RunTime:0.000950s ]
ERR: 无法加载模块:Img

[ 2016-12-08T15:12:00+08:00 ] 127.0.0.1 /C2C/index.php/js/re.js
INFO: [ app_init ] --START--
INFO: Run Behavior\BuildLiteBehavior [ RunTime:0.000031s ]
INFO: [ app_init ] --END-- [ RunTime:0.001613s ]
ERR: 无法加载模块:Js

[ 2016-12-08T15:12:00+08:00 ] 127.0.0.1 /C2C/index.php/img/one_title.png
INFO: [ app_init ] --START--
INFO: Run Behavior\BuildLiteBehavior [ RunTime:0.000037s ]
INFO: [ app_init ] --END-- [ RunTime:0.002026s ]
ERR: 无法加载模块:Img

[ 2016-12-08T15:12:36+08:00 ] 127.0.0.1 /C2C/index.php/js/mumayi_top.js
INFO: [ app_init ] --START--
INFO: Run Behavior\BuildLiteBehavior [ RunTime:0.000029s ]
INFO: [ app_init ] --END-- [ RunTime:0.000874s ]
ERR: 无法加载模块:Js

[ 2016-12-08T15:12:36+08:00 ] 127.0.0.1 /C2C/index.php/js/bootstrap.js
INFO: [ app_init ] --START--
INFO: Run Behavior\BuildLiteBehavior [ RunTime:0.000029s ]
INFO: [ app_init ] --END-- [ RunTime:0.000896s ]
ERR: 无法加载模块:Js

[ 2016-12-08T15:12:36+08:00 ] 127.0.0.1 /C2C/index.php/img/more.gif
INFO: [ app_init ] --START--
INFO: Run Behavior\BuildLiteBehavior [ RunTime:0.000032s ]
INFO: [ app_init ] --END-- [ RunTime:0.001066s ]
ERR: 无法加载模块:Img

[ 2016-12-08T15:12:36+08:00 ] 127.0.0.1 /C2C/index.php/js/jquery-2.1.4.min.js
INFO: [ app_init ] --START--
INFO: Run Behavior\BuildLiteBehavior [ RunTime:0.000032s ]
INFO: [ app_init ] --END-- [ RunTime:0.013544s ]
ERR: 无法加载模块:Js

[ 2016-12-08T15:12:36+08:00 ] 127.0.0.1 /C2C/index.php/img/one_title.png
INFO: [ app_init ] --START--
INFO: Run Behavior\BuildLiteBehavior [ RunTime:0.000244s ]
INFO: [ app_init ] --END-- [ RunTime:0.009842s ]
ERR: 无法加载模块:Img

[ 2016-12-08T15:12:36+08:00 ] 127.0.0.1 /C2C/index.php/js/re.js
INFO: [ app_init ] --START--
INFO: Run Behavior\BuildLiteBehavior [ RunTime:0.000035s ]
INFO: [ app_init ] --END-- [ RunTime:0.018670s ]
ERR: 无法加载模块:Js

[ 2016-12-08T15:13:48+08:00 ] 127.0.0.1 /C2C/index.php/js/mumayi_top.js
INFO: [ app_init ] --START--
INFO: Run Behavior\BuildLiteBehavior [ RunTime:0.000028s ]
INFO: [ app_init ] --END-- [ RunTime:0.003283s ]
ERR: 无法加载模块:Js

[ 2016-12-08T15:13:48+08:00 ] 127.0.0.1 /C2C/index.php/js/bootstrap.js
INFO: [ app_init ] --START--
INFO: Run Behavior\BuildLiteBehavior [ RunTime:0.000033s ]
INFO: [ app_init ] --END-- [ RunTime:0.017897s ]
ERR: 无法加载模块:Js

[ 2016-12-08T15:13:48+08:00 ] 127.0.0.1 /C2C/index.php/js/jquery-2.1.4.min.js
INFO: [ app_init ] --START--
INFO: Run Behavior\BuildLiteBehavior [ RunTime:0.000033s ]
INFO: [ app_init ] --END-- [ RunTime:0.012930s ]
ERR: 无法加载模块:Js

[ 2016-12-08T15:13:48+08:00 ] 127.0.0.1 /C2C/index.php/js/re.js
INFO: [ app_init ] --START--
INFO: Run Behavior\BuildLiteBehavior [ RunTime:0.000031s ]
INFO: [ app_init ] --END-- [ RunTime:0.001202s ]
ERR: 无法加载模块:Js

[ 2016-12-08T15:13:48+08:00 ] 127.0.0.1 /C2C/index.php/img/one_title.png
INFO: [ app_init ] --START--
INFO: Run Behavior\BuildLiteBehavior [ RunTime:0.000028s ]
INFO: [ app_init ] --END-- [ RunTime:0.000964s ]
ERR: 无法加载模块:Img

[ 2016-12-08T15:13:48+08:00 ] 127.0.0.1 /C2C/index.php/img/more.gif
INFO: [ app_init ] --START--
INFO: Run Behavior\BuildLiteBehavior [ RunTime:0.000032s ]
INFO: [ app_init ] --END-- [ RunTime:0.001070s ]
ERR: 无法加载模块:Img

[ 2016-12-08T15:14:28+08:00 ] 127.0.0.1 /C2C/index.php/img/more.gif
INFO: [ app_init ] --START--
INFO: Run Behavior\BuildLiteBehavior [ RunTime:0.000036s ]
INFO: [ app_init ] --END-- [ RunTime:0.001138s ]
ERR: 无法加载模块:Img

[ 2016-12-08T15:14:28+08:00 ] 127.0.0.1 /C2C/index.php/img/one_title.png
INFO: [ app_init ] --START--
INFO: Run Behavior\BuildLiteBehavior [ RunTime:0.000093s ]
INFO: [ app_init ] --END-- [ RunTime:0.000981s ]
ERR: 无法加载模块:Img

[ 2016-12-08T15:14:28+08:00 ] 127.0.0.1 /C2C/index.php/js/bootstrap.js
INFO: [ app_init ] --START--
INFO: Run Behavior\BuildLiteBehavior [ RunTime:0.000031s ]
INFO: [ app_init ] --END-- [ RunTime:0.001051s ]
ERR: 无法加载模块:Js

[ 2016-12-08T15:14:28+08:00 ] 127.0.0.1 /C2C/index.php/js/mumayi_top.js
INFO: [ app_init ] --START--
INFO: Run Behavior\BuildLiteBehavior [ RunTime:0.000030s ]
INFO: [ app_init ] --END-- [ RunTime:0.002115s ]
ERR: 无法加载模块:Js

[ 2016-12-08T15:14:28+08:00 ] 127.0.0.1 /C2C/index.php/js/jquery-2.1.4.min.js
INFO: [ app_init ] --START--
INFO: Run Behavior\BuildLiteBehavior [ RunTime:0.000040s ]
INFO: [ app_init ] --END-- [ RunTime:0.006233s ]
ERR: 无法加载模块:Js

[ 2016-12-08T15:17:09+08:00 ] 127.0.0.1 /C2C/index.php/js/mumayi_top.js
INFO: [ app_init ] --START--
INFO: Run Behavior\BuildLiteBehavior [ RunTime:0.000032s ]
INFO: [ app_init ] --END-- [ RunTime:0.013675s ]
ERR: 无法加载模块:Js

[ 2016-12-08T15:17:09+08:00 ] 127.0.0.1 /C2C/index.php/img/more.gif
INFO: [ app_init ] --START--
INFO: Run Behavior\BuildLiteBehavior [ RunTime:0.000025s ]
INFO: [ app_init ] --END-- [ RunTime:0.000877s ]
ERR: 无法加载模块:Img

[ 2016-12-08T15:17:09+08:00 ] 127.0.0.1 /C2C/index.php/js/re.js
INFO: [ app_init ] --START--
INFO: Run Behavior\BuildLiteBehavior [ RunTime:0.000033s ]
INFO: [ app_init ] --END-- [ RunTime:0.006324s ]
ERR: 无法加载模块:Js

[ 2016-12-08T15:17:09+08:00 ] 127.0.0.1 /C2C/index.php/js/bootstrap.js
INFO: [ app_init ] --START--
INFO: Run Behavior\BuildLiteBehavior [ RunTime:0.000036s ]
INFO: [ app_init ] --END-- [ RunTime:0.001446s ]
ERR: 无法加载模块:Js

[ 2016-12-08T15:17:09+08:00 ] 127.0.0.1 /C2C/index.php/js/jquery-2.1.4.min.js
INFO: [ app_init ] --START--
INFO: Run Behavior\BuildLiteBehavior [ RunTime:0.000031s ]
INFO: [ app_init ] --END-- [ RunTime:0.001838s ]
ERR: 无法加载模块:Js

[ 2016-12-08T15:17:09+08:00 ] 127.0.0.1 /C2C/index.php/img/one_title.png
INFO: [ app_init ] --START--
INFO: Run Behavior\BuildLiteBehavior [ RunTime:0.000033s ]
INFO: [ app_init ] --END-- [ RunTime:0.001033s ]
ERR: 无法加载模块:Img

[ 2016-12-08T15:17:59+08:00 ] 127.0.0.1 /C2C/index.php/img/more.gif
INFO: [ app_init ] --START--
INFO: Run Behavior\BuildLiteBehavior [ RunTime:0.000028s ]
INFO: [ app_init ] --END-- [ RunTime:0.001697s ]
ERR: 无法加载模块:Img

[ 2016-12-08T15:17:59+08:00 ] 127.0.0.1 /C2C/index.php/img/one_title.png
INFO: [ app_init ] --START--
INFO: Run Behavior\BuildLiteBehavior [ RunTime:0.000031s ]
INFO: [ app_init ] --END-- [ RunTime:0.001037s ]
ERR: 无法加载模块:Img

[ 2016-12-08T15:17:59+08:00 ] 127.0.0.1 /C2C/index.php/js/mumayi_top.js
INFO: [ app_init ] --START--
INFO: Run Behavior\BuildLiteBehavior [ RunTime:0.000035s ]
INFO: [ app_init ] --END-- [ RunTime:0.001175s ]
ERR: 无法加载模块:Js

[ 2016-12-08T15:17:59+08:00 ] 127.0.0.1 /C2C/index.php/js/jquery-2.1.4.min.js
INFO: [ app_init ] --START--
INFO: Run Behavior\BuildLiteBehavior [ RunTime:0.000036s ]
INFO: [ app_init ] --END-- [ RunTime:0.002083s ]
ERR: 无法加载模块:Js

[ 2016-12-08T15:17:59+08:00 ] 127.0.0.1 /C2C/index.php/js/re.js
INFO: [ app_init ] --START--
INFO: Run Behavior\BuildLiteBehavior [ RunTime:0.000030s ]
INFO: [ app_init ] --END-- [ RunTime:0.001102s ]
ERR: 无法加载模块:Js

[ 2016-12-08T15:17:59+08:00 ] 127.0.0.1 /C2C/index.php/js/bootstrap.js
INFO: [ app_init ] --START--
INFO: Run Behavior\BuildLiteBehavior [ RunTime:0.000033s ]
INFO: [ app_init ] --END-- [ RunTime:0.001944s ]
ERR: 无法加载模块:Js

[ 2016-12-08T15:17:59+08:00 ] 127.0.0.1 /C2C/index.php/img/more.gif
INFO: [ app_init ] --START--
INFO: Run Behavior\BuildLiteBehavior [ RunTime:0.000029s ]
INFO: [ app_init ] --END-- [ RunTime:0.001182s ]
ERR: 无法加载模块:Img

[ 2016-12-08T15:17:59+08:00 ] 127.0.0.1 /C2C/index.php/img/one_title.png
INFO: [ app_init ] --START--
INFO: Run Behavior\BuildLiteBehavior [ RunTime:0.000032s ]
INFO: [ app_init ] --END-- [ RunTime:0.003120s ]
ERR: 无法加载模块:Img

[ 2016-12-08T15:18:28+08:00 ] 127.0.0.1 /C2C/index.php/js/mumayi_top.js
INFO: [ app_init ] --START--
INFO: Run Behavior\BuildLiteBehavior [ RunTime:0.000033s ]
INFO: [ app_init ] --END-- [ RunTime:0.001142s ]
ERR: 无法加载模块:Js

[ 2016-12-08T15:18:28+08:00 ] 127.0.0.1 /C2C/index.php/js/bootstrap.js
INFO: [ app_init ] --START--
INFO: Run Behavior\BuildLiteBehavior [ RunTime:0.000042s ]
INFO: [ app_init ] --END-- [ RunTime:0.001649s ]
ERR: 无法加载模块:Js

[ 2016-12-08T15:18:28+08:00 ] 127.0.0.1 /C2C/index.php/js/re.js
INFO: [ app_init ] --START--
INFO: Run Behavior\BuildLiteBehavior [ RunTime:0.000037s ]
INFO: [ app_init ] --END-- [ RunTime:0.002837s ]
ERR: 无法加载模块:Js

[ 2016-12-08T15:18:28+08:00 ] 127.0.0.1 /C2C/index.php/js/jquery-2.1.4.min.js
INFO: [ app_init ] --START--
INFO: Run Behavior\BuildLiteBehavior [ RunTime:0.000031s ]
INFO: [ app_init ] --END-- [ RunTime:0.000908s ]
ERR: 无法加载模块:Js

[ 2016-12-08T15:18:28+08:00 ] 127.0.0.1 /C2C/index.php/img/more.gif
INFO: [ app_init ] --START--
INFO: Run Behavior\BuildLiteBehavior [ RunTime:0.000033s ]
INFO: [ app_init ] --END-- [ RunTime:0.005056s ]
ERR: 无法加载模块:Img

[ 2016-12-08T15:18:28+08:00 ] 127.0.0.1 /C2C/index.php/img/one_title.png
INFO: [ app_init ] --START--
INFO: Run Behavior\BuildLiteBehavior [ RunTime:0.000030s ]
INFO: [ app_init ] --END-- [ RunTime:0.001072s ]
ERR: 无法加载模块:Img

[ 2016-12-08T15:19:35+08:00 ] 127.0.0.1 /C2C/index.php/js/jquery-2.1.4.min.js
INFO: [ app_init ] --START--
INFO: Run Behavior\BuildLiteBehavior [ RunTime:0.000033s ]
INFO: [ app_init ] --END-- [ RunTime:0.001755s ]
ERR: 无法加载模块:Js

[ 2016-12-08T15:19:35+08:00 ] 127.0.0.1 /C2C/index.php/js/mumayi_top.js
INFO: [ app_init ] --START--
INFO: Run Behavior\BuildLiteBehavior [ RunTime:0.000032s ]
INFO: [ app_init ] --END-- [ RunTime:0.001573s ]
ERR: 无法加载模块:Js

[ 2016-12-08T15:19:35+08:00 ] 127.0.0.1 /C2C/index.php/img/more.gif
INFO: [ app_init ] --START--
INFO: Run Behavior\BuildLiteBehavior [ RunTime:0.000107s ]
INFO: [ app_init ] --END-- [ RunTime:0.001477s ]
ERR: 无法加载模块:Img

[ 2016-12-08T15:19:35+08:00 ] 127.0.0.1 /C2C/index.php/js/bootstrap.js
INFO: [ app_init ] --START--
INFO: Run Behavior\BuildLiteBehavior [ RunTime:0.000028s ]
INFO: [ app_init ] --END-- [ RunTime:0.000954s ]
ERR: 无法加载模块:Js

[ 2016-12-08T15:19:35+08:00 ] 127.0.0.1 /C2C/index.php/img/one_title.png
INFO: [ app_init ] --START--
INFO: Run Behavior\BuildLiteBehavior [ RunTime:0.000034s ]
INFO: [ app_init ] --END-- [ RunTime:0.001080s ]
ERR: 无法加载模块:Img

[ 2016-12-08T15:19:35+08:00 ] 127.0.0.1 /C2C/index.php/js/re.js
INFO: [ app_init ] --START--
INFO: Run Behavior\BuildLiteBehavior [ RunTime:0.000040s ]
INFO: [ app_init ] --END-- [ RunTime:0.002074s ]
ERR: 无法加载模块:Js

[ 2016-12-08T15:20:43+08:00 ] 127.0.0.1 /C2C/index.php/js/jquery-2.1.4.min.js
INFO: [ app_init ] --START--
INFO: Run Behavior\BuildLiteBehavior [ RunTime:0.000026s ]
INFO: [ app_init ] --END-- [ RunTime:0.000887s ]
ERR: 无法加载模块:Js

[ 2016-12-08T15:20:43+08:00 ] 127.0.0.1 /C2C/index.php/js/re.js
INFO: [ app_init ] --START--
INFO: Run Behavior\BuildLiteBehavior [ RunTime:0.000050s ]
INFO: [ app_init ] --END-- [ RunTime:0.001514s ]
ERR: 无法加载模块:Js

[ 2016-12-08T15:20:43+08:00 ] 127.0.0.1 /C2C/index.php/img/more.gif
INFO: [ app_init ] --START--
INFO: Run Behavior\BuildLiteBehavior [ RunTime:0.000058s ]
INFO: [ app_init ] --END-- [ RunTime:0.001376s ]
ERR: 无法加载模块:Img

[ 2016-12-08T15:20:44+08:00 ] 127.0.0.1 /C2C/index.php/js/mumayi_top.js
INFO: [ app_init ] --START--
INFO: Run Behavior\BuildLiteBehavior [ RunTime:0.000041s ]
INFO: [ app_init ] --END-- [ RunTime:0.001183s ]
ERR: 无法加载模块:Js

[ 2016-12-08T15:20:44+08:00 ] 127.0.0.1 /C2C/index.php/img/one_title.png
INFO: [ app_init ] --START--
INFO: Run Behavior\BuildLiteBehavior [ RunTime:0.000030s ]
INFO: [ app_init ] --END-- [ RunTime:0.001138s ]
ERR: 无法加载模块:Img

[ 2016-12-08T15:20:44+08:00 ] 127.0.0.1 /C2C/index.php/js/bootstrap.js
INFO: [ app_init ] --START--
INFO: Run Behavior\BuildLiteBehavior [ RunTime:0.000131s ]
INFO: [ app_init ] --END-- [ RunTime:0.001898s ]
ERR: 无法加载模块:Js

[ 2016-12-08T15:22:48+08:00 ] 127.0.0.1 /C2C/index.php/js/jquery-2.1.4.min.js
INFO: [ app_init ] --START--
INFO: Run Behavior\BuildLiteBehavior [ RunTime:0.000032s ]
INFO: [ app_init ] --END-- [ RunTime:0.004241s ]
ERR: 无法加载模块:Js

[ 2016-12-08T15:22:48+08:00 ] 127.0.0.1 /C2C/index.php/js/bootstrap.js
INFO: [ app_init ] --START--
INFO: Run Behavior\BuildLiteBehavior [ RunTime:0.000048s ]
INFO: [ app_init ] --END-- [ RunTime:0.002178s ]
ERR: 无法加载模块:Js

[ 2016-12-08T15:22:48+08:00 ] 127.0.0.1 /C2C/index.php/img/more.gif
INFO: [ app_init ] --START--
INFO: Run Behavior\BuildLiteBehavior [ RunTime:0.000040s ]
INFO: [ app_init ] --END-- [ RunTime:0.001153s ]
ERR: 无法加载模块:Img

[ 2016-12-08T15:22:48+08:00 ] 127.0.0.1 /C2C/index.php/js/re.js
INFO: [ app_init ] --START--
INFO: Run Behavior\BuildLiteBehavior [ RunTime:0.000033s ]
INFO: [ app_init ] --END-- [ RunTime:0.005582s ]
ERR: 无法加载模块:Js

[ 2016-12-08T15:22:49+08:00 ] 127.0.0.1 /C2C/index.php/js/mumayi_top.js
INFO: [ app_init ] --START--
INFO: Run Behavior\BuildLiteBehavior [ RunTime:0.000036s ]
INFO: [ app_init ] --END-- [ RunTime:0.006643s ]
ERR: 无法加载模块:Js

[ 2016-12-08T15:22:49+08:00 ] 127.0.0.1 /C2C/index.php/img/one_title.png
INFO: [ app_init ] --START--
INFO: Run Behavior\BuildLiteBehavior [ RunTime:0.000055s ]
INFO: [ app_init ] --END-- [ RunTime:0.002208s ]
ERR: 无法加载模块:Img

[ 2016-12-08T15:23:34+08:00 ] 127.0.0.1 /C2C/index.php/category.html
INFO: [ app_init ] --START--
INFO: Run Behavior\BuildLiteBehavior [ RunTime:0.000034s ]
INFO: [ app_init ] --END-- [ RunTime:0.017116s ]
ERR: 无法加载模块:Category

[ 2016-12-08T15:24:14+08:00 ] 127.0.0.1 /C2C/index.php/img/more.gif
INFO: [ app_init ] --START--
INFO: Run Behavior\BuildLiteBehavior [ RunTime:0.000033s ]
INFO: [ app_init ] --END-- [ RunTime:0.012023s ]
ERR: 无法加载模块:Img

[ 2016-12-08T15:24:14+08:00 ] 127.0.0.1 /C2C/index.php/img/one_title.png
INFO: [ app_init ] --START--
INFO: Run Behavior\BuildLiteBehavior [ RunTime:0.000030s ]
INFO: [ app_init ] --END-- [ RunTime:0.001005s ]
ERR: 无法加载模块:Img

[ 2016-12-08T15:24:14+08:00 ] 127.0.0.1 /C2C/index.php/js/bootstrap.js
INFO: [ app_init ] --START--
INFO: Run Behavior\BuildLiteBehavior [ RunTime:0.000033s ]
INFO: [ app_init ] --END-- [ RunTime:0.001312s ]
ERR: 无法加载模块:Js

[ 2016-12-08T15:24:14+08:00 ] 127.0.0.1 /C2C/index.php/js/jquery-2.1.4.min.js
INFO: [ app_init ] --START--
INFO: Run Behavior\BuildLiteBehavior [ RunTime:0.000026s ]
INFO: [ app_init ] --END-- [ RunTime:0.000863s ]
ERR: 无法加载模块:Js

[ 2016-12-08T15:24:14+08:00 ] 127.0.0.1 /C2C/index.php/js/mumayi_top.js
INFO: [ app_init ] --START--
INFO: Run Behavior\BuildLiteBehavior [ RunTime:0.000034s ]
INFO: [ app_init ] --END-- [ RunTime:0.001275s ]
ERR: 无法加载模块:Js

[ 2016-12-08T15:24:14+08:00 ] 127.0.0.1 /C2C/index.php/js/re.js
INFO: [ app_init ] --START--
INFO: Run Behavior\BuildLiteBehavior [ RunTime:0.000038s ]
INFO: [ app_init ] --END-- [ RunTime:0.001204s ]
ERR: 无法加载模块:Js

[ 2016-12-08T15:24:14+08:00 ] 127.0.0.1 /C2C/index.php/img/more.gif
INFO: [ app_init ] --START--
INFO: Run Behavior\BuildLiteBehavior [ RunTime:0.000028s ]
INFO: [ app_init ] --END-- [ RunTime:0.000929s ]
ERR: 无法加载模块:Img

[ 2016-12-08T15:24:14+08:00 ] 127.0.0.1 /C2C/index.php/img/one_title.png
INFO: [ app_init ] --START--
INFO: Run Behavior\BuildLiteBehavior [ RunTime:0.000029s ]
INFO: [ app_init ] --END-- [ RunTime:0.000974s ]
ERR: 无法加载模块:Img

[ 2016-12-08T15:26:03+08:00 ] 127.0.0.1 /C2C/index.php/js/jquery-2.1.4.min.js
INFO: [ app_init ] --START--
INFO: Run Behavior\BuildLiteBehavior [ RunTime:0.000030s ]
INFO: [ app_init ] --END-- [ RunTime:0.004160s ]
ERR: 无法加载模块:Js

[ 2016-12-08T15:26:03+08:00 ] 127.0.0.1 /C2C/index.php/js/re.js
INFO: [ app_init ] --START--
INFO: Run Behavior\BuildLiteBehavior [ RunTime:0.000028s ]
INFO: [ app_init ] --END-- [ RunTime:0.001475s ]
ERR: 无法加载模块:Js

[ 2016-12-08T15:26:03+08:00 ] 127.0.0.1 /C2C/index.php/js/mumayi_top.js
INFO: [ app_init ] --START--
INFO: Run Behavior\BuildLiteBehavior [ RunTime:0.000035s ]
INFO: [ app_init ] --END-- [ RunTime:0.004668s ]
ERR: 无法加载模块:Js

[ 2016-12-08T15:26:03+08:00 ] 127.0.0.1 /C2C/index.php/js/bootstrap.js
INFO: [ app_init ] --START--
INFO: Run Behavior\BuildLiteBehavior [ RunTime:0.000091s ]
INFO: [ app_init ] --END-- [ RunTime:0.001557s ]
ERR: 无法加载模块:Js

[ 2016-12-08T15:26:03+08:00 ] 127.0.0.1 /C2C/index.php/img/more.gif
INFO: [ app_init ] --START--
INFO: Run Behavior\BuildLiteBehavior [ RunTime:0.000034s ]
INFO: [ app_init ] --END-- [ RunTime:0.001485s ]
ERR: 无法加载模块:Img

[ 2016-12-08T15:26:03+08:00 ] 127.0.0.1 /C2C/index.php/img/one_title.png
INFO: [ app_init ] --START--
INFO: Run Behavior\BuildLiteBehavior [ RunTime:0.000033s ]
INFO: [ app_init ] --END-- [ RunTime:0.001312s ]
ERR: 无法加载模块:Img

[ 2016-12-08T15:33:03+08:00 ] 127.0.0.1 /C2C/index.php/img/more.gif
INFO: [ app_init ] --START--
INFO: Run Behavior\BuildLiteBehavior [ RunTime:0.000204s ]
INFO: [ app_init ] --END-- [ RunTime:0.001390s ]
ERR: 无法加载模块:Img

[ 2016-12-08T15:33:03+08:00 ] 127.0.0.1 /C2C/index.php/js/bootstrap.js
INFO: [ app_init ] --START--
INFO: Run Behavior\BuildLiteBehavior [ RunTime:0.000033s ]
INFO: [ app_init ] --END-- [ RunTime:0.001207s ]
ERR: 无法加载模块:Js

[ 2016-12-08T15:33:03+08:00 ] 127.0.0.1 /C2C/index.php/js/re.js
INFO: [ app_init ] --START--
INFO: Run Behavior\BuildLiteBehavior [ RunTime:0.000078s ]
INFO: [ app_init ] --END-- [ RunTime:0.001599s ]
ERR: 无法加载模块:Js

[ 2016-12-08T15:33:03+08:00 ] 127.0.0.1 /C2C/index.php/js/jquery-2.1.4.min.js
INFO: [ app_init ] --START--
INFO: Run Behavior\BuildLiteBehavior [ RunTime:0.000029s ]
INFO: [ app_init ] --END-- [ RunTime:0.001139s ]
ERR: 无法加载模块:Js

[ 2016-12-08T15:33:03+08:00 ] 127.0.0.1 /C2C/index.php/js/mumayi_top.js
INFO: [ app_init ] --START--
INFO: Run Behavior\BuildLiteBehavior [ RunTime:0.000035s ]
INFO: [ app_init ] --END-- [ RunTime:0.001610s ]
ERR: 无法加载模块:Js

[ 2016-12-08T15:33:03+08:00 ] 127.0.0.1 /C2C/index.php/img/one_title.png
INFO: [ app_init ] --START--
INFO: Run Behavior\BuildLiteBehavior [ RunTime:0.000028s ]
INFO: [ app_init ] --END-- [ RunTime:0.001058s ]
ERR: 无法加载模块:Img

[ 2016-12-08T15:33:03+08:00 ] 127.0.0.1 /C2C/index.php/img/more.gif
INFO: [ app_init ] --START--
INFO: Run Behavior\BuildLiteBehavior [ RunTime:0.000028s ]
INFO: [ app_init ] --END-- [ RunTime:0.001004s ]
ERR: 无法加载模块:Img

[ 2016-12-08T15:33:19+08:00 ] 127.0.0.1 /C2C/index.php/img/more.gif
INFO: [ app_init ] --START--
INFO: Run Behavior\BuildLiteBehavior [ RunTime:0.000032s ]
INFO: [ app_init ] --END-- [ RunTime:0.003043s ]
ERR: 无法加载模块:Img

[ 2016-12-08T15:33:19+08:00 ] 127.0.0.1 /C2C/index.php/img/one_title.png
INFO: [ app_init ] --START--
INFO: Run Behavior\BuildLiteBehavior [ RunTime:0.000027s ]
INFO: [ app_init ] --END-- [ RunTime:0.000818s ]
ERR: 无法加载模块:Img

[ 2016-12-08T15:33:19+08:00 ] 127.0.0.1 /C2C/index.php/js/re.js
INFO: [ app_init ] --START--
INFO: Run Behavior\BuildLiteBehavior [ RunTime:0.000030s ]
INFO: [ app_init ] --END-- [ RunTime:0.001010s ]
ERR: 无法加载模块:Js

[ 2016-12-08T15:33:19+08:00 ] 127.0.0.1 /C2C/index.php/js/mumayi_top.js
INFO: [ app_init ] --START--
INFO: Run Behavior\BuildLiteBehavior [ RunTime:0.000035s ]
INFO: [ app_init ] --END-- [ RunTime:0.004201s ]
ERR: 无法加载模块:Js

[ 2016-12-08T15:33:19+08:00 ] 127.0.0.1 /C2C/index.php/js/bootstrap.js
INFO: [ app_init ] --START--
INFO: Run Behavior\BuildLiteBehavior [ RunTime:0.000031s ]
INFO: [ app_init ] --END-- [ RunTime:0.000983s ]
ERR: 无法加载模块:Js

[ 2016-12-08T15:33:19+08:00 ] 127.0.0.1 /C2C/index.php/js/jquery-2.1.4.min.js
INFO: [ app_init ] --START--
INFO: Run Behavior\BuildLiteBehavior [ RunTime:0.000037s ]
INFO: [ app_init ] --END-- [ RunTime:0.001328s ]
ERR: 无法加载模块:Js

[ 2016-12-08T15:33:27+08:00 ] 127.0.0.1 /C2C/index.php/img/more.gif
INFO: [ app_init ] --START--
INFO: Run Behavior\BuildLiteBehavior [ RunTime:0.000028s ]
INFO: [ app_init ] --END-- [ RunTime:0.000863s ]
ERR: 无法加载模块:Img

[ 2016-12-08T15:33:27+08:00 ] 127.0.0.1 /C2C/index.php/js/mumayi_top.js
INFO: [ app_init ] --START--
INFO: Run Behavior\BuildLiteBehavior [ RunTime:0.000032s ]
INFO: [ app_init ] --END-- [ RunTime:0.001316s ]
ERR: 无法加载模块:Js

[ 2016-12-08T15:33:27+08:00 ] 127.0.0.1 /C2C/index.php/js/jquery-2.1.4.min.js
INFO: [ app_init ] --START--
INFO: Run Behavior\BuildLiteBehavior [ RunTime:0.000024s ]
INFO: [ app_init ] --END-- [ RunTime:0.000852s ]
ERR: 无法加载模块:Js

[ 2016-12-08T15:33:27+08:00 ] 127.0.0.1 /C2C/index.php/js/bootstrap.js
INFO: [ app_init ] --START--
INFO: Run Behavior\BuildLiteBehavior [ RunTime:0.000023s ]
INFO: [ app_init ] --END-- [ RunTime:0.000701s ]
ERR: 无法加载模块:Js

[ 2016-12-08T15:33:27+08:00 ] 127.0.0.1 /C2C/index.php/js/re.js
INFO: [ app_init ] --START--
INFO: Run Behavior\BuildLiteBehavior [ RunTime:0.000046s ]
INFO: [ app_init ] --END-- [ RunTime:0.003620s ]
ERR: 无法加载模块:Js

[ 2016-12-08T15:33:27+08:00 ] 127.0.0.1 /C2C/index.php/img/more.gif
INFO: [ app_init ] --START--
INFO: Run Behavior\BuildLiteBehavior [ RunTime:0.000030s ]
INFO: [ app_init ] --END-- [ RunTime:0.001108s ]
ERR: 无法加载模块:Img

[ 2016-12-08T15:33:27+08:00 ] 127.0.0.1 /C2C/index.php/img/one_title.png
INFO: [ app_init ] --START--
INFO: Run Behavior\BuildLiteBehavior [ RunTime:0.000030s ]
INFO: [ app_init ] --END-- [ RunTime:0.001199s ]
ERR: 无法加载模块:Img

[ 2016-12-08T15:42:27+08:00 ] 127.0.0.1 /C2C/index.php/js/mumayi_top.js
INFO: [ app_init ] --START--
INFO: Run Behavior\BuildLiteBehavior [ RunTime:0.000027s ]
INFO: [ app_init ] --END-- [ RunTime:0.000850s ]
ERR: 无法加载模块:Js

[ 2016-12-08T15:42:27+08:00 ] 127.0.0.1 /C2C/index.php/js/jquery-2.1.4.min.js
INFO: [ app_init ] --START--
INFO: Run Behavior\BuildLiteBehavior [ RunTime:0.000033s ]
INFO: [ app_init ] --END-- [ RunTime:0.001280s ]
ERR: 无法加载模块:Js

[ 2016-12-08T15:42:27+08:00 ] 127.0.0.1 /C2C/index.php/js/bootstrap.js
INFO: [ app_init ] --START--
INFO: Run Behavior\BuildLiteBehavior [ RunTime:0.000037s ]
INFO: [ app_init ] --END-- [ RunTime:0.001137s ]
ERR: 无法加载模块:Js

[ 2016-12-08T15:42:27+08:00 ] 127.0.0.1 /C2C/index.php/js/re.js
INFO: [ app_init ] --START--
INFO: Run Behavior\BuildLiteBehavior [ RunTime:0.000032s ]
INFO: [ app_init ] --END-- [ RunTime:0.000862s ]
ERR: 无法加载模块:Js

[ 2016-12-08T15:42:27+08:00 ] 127.0.0.1 /C2C/index.php/img/more.gif
INFO: [ app_init ] --START--
INFO: Run Behavior\BuildLiteBehavior [ RunTime:0.000035s ]
INFO: [ app_init ] --END-- [ RunTime:0.001195s ]
ERR: 无法加载模块:Img

[ 2016-12-08T15:42:27+08:00 ] 127.0.0.1 /C2C/index.php/img/one_title.png
INFO: [ app_init ] --START--
INFO: Run Behavior\BuildLiteBehavior [ RunTime:0.000033s ]
INFO: [ app_init ] --END-- [ RunTime:0.001162s ]
ERR: 无法加载模块:Img

[ 2016-12-08T15:42:49+08:00 ] 127.0.0.1 /C2C/index.php/img/more.gif
INFO: [ app_init ] --START--
INFO: Run Behavior\BuildLiteBehavior [ RunTime:0.000047s ]
INFO: [ app_init ] --END-- [ RunTime:0.001854s ]
ERR: 无法加载模块:Img

[ 2016-12-08T15:42:49+08:00 ] 127.0.0.1 /C2C/index.php/js/mumayi_top.js
INFO: [ app_init ] --START--
INFO: Run Behavior\BuildLiteBehavior [ RunTime:0.000036s ]
INFO: [ app_init ] --END-- [ RunTime:0.002034s ]
ERR: 无法加载模块:Js

[ 2016-12-08T15:42:49+08:00 ] 127.0.0.1 /C2C/index.php/js/jquery-2.1.4.min.js
INFO: [ app_init ] --START--
INFO: Run Behavior\BuildLiteBehavior [ RunTime:0.000029s ]
INFO: [ app_init ] --END-- [ RunTime:0.000905s ]
ERR: 无法加载模块:Js

[ 2016-12-08T15:42:49+08:00 ] 127.0.0.1 /C2C/index.php/js/bootstrap.js
INFO: [ app_init ] --START--
INFO: Run Behavior\BuildLiteBehavior [ RunTime:0.000029s ]
INFO: [ app_init ] --END-- [ RunTime:0.000972s ]
ERR: 无法加载模块:Js

[ 2016-12-08T15:42:49+08:00 ] 127.0.0.1 /C2C/index.php/js/re.js
INFO: [ app_init ] --START--
INFO: Run Behavior\BuildLiteBehavior [ RunTime:0.000030s ]
INFO: [ app_init ] --END-- [ RunTime:0.001067s ]
ERR: 无法加载模块:Js

[ 2016-12-08T15:42:49+08:00 ] 127.0.0.1 /C2C/index.php/img/one_title.png
INFO: [ app_init ] --START--
INFO: Run Behavior\BuildLiteBehavior [ RunTime:0.000033s ]
INFO: [ app_init ] --END-- [ RunTime:0.001856s ]
ERR: 无法加载模块:Img

[ 2016-12-08T15:42:49+08:00 ] 127.0.0.1 /C2C/index.php/img/more.gif
INFO: [ app_init ] --START--
INFO: Run Behavior\BuildLiteBehavior [ RunTime:0.000032s ]
INFO: [ app_init ] --END-- [ RunTime:0.001358s ]
ERR: 无法加载模块:Img

[ 2016-12-08T15:43:40+08:00 ] 127.0.0.1 /C2C/index.php/img/more.gif
INFO: [ app_init ] --START--
INFO: Run Behavior\BuildLiteBehavior [ RunTime:0.000032s ]
INFO: [ app_init ] --END-- [ RunTime:0.002314s ]
ERR: 无法加载模块:Img

[ 2016-12-08T15:43:40+08:00 ] 127.0.0.1 /C2C/index.php/js/bootstrap.js
INFO: [ app_init ] --START--
INFO: Run Behavior\BuildLiteBehavior [ RunTime:0.000032s ]
INFO: [ app_init ] --END-- [ RunTime:0.000894s ]
ERR: 无法加载模块:Js

[ 2016-12-08T15:43:40+08:00 ] 127.0.0.1 /C2C/index.php/img/one_title.png
INFO: [ app_init ] --START--
INFO: Run Behavior\BuildLiteBehavior [ RunTime:0.000033s ]
INFO: [ app_init ] --END-- [ RunTime:0.020483s ]
ERR: 无法加载模块:Img

[ 2016-12-08T15:43:40+08:00 ] 127.0.0.1 /C2C/index.php/js/jquery-2.1.4.min.js
INFO: [ app_init ] --START--
INFO: Run Behavior\BuildLiteBehavior [ RunTime:0.000033s ]
INFO: [ app_init ] --END-- [ RunTime:0.002168s ]
ERR: 无法加载模块:Js

[ 2016-12-08T15:43:40+08:00 ] 127.0.0.1 /C2C/index.php/js/mumayi_top.js
INFO: [ app_init ] --START--
INFO: Run Behavior\BuildLiteBehavior [ RunTime:0.000029s ]
INFO: [ app_init ] --END-- [ RunTime:0.000932s ]
ERR: 无法加载模块:Js

[ 2016-12-08T15:43:40+08:00 ] 127.0.0.1 /C2C/index.php/js/re.js
INFO: [ app_init ] --START--
INFO: Run Behavior\BuildLiteBehavior [ RunTime:0.000027s ]
INFO: [ app_init ] --END-- [ RunTime:0.000928s ]
ERR: 无法加载模块:Js

[ 2016-12-08T15:43:40+08:00 ] 127.0.0.1 /C2C/index.php/img/more.gif
INFO: [ app_init ] --START--
INFO: Run Behavior\BuildLiteBehavior [ RunTime:0.000029s ]
INFO: [ app_init ] --END-- [ RunTime:0.000973s ]
ERR: 无法加载模块:Img

[ 2016-12-08T15:45:28+08:00 ] 127.0.0.1 /C2C/index.php/img/more.gif
INFO: [ app_init ] --START--
INFO: Run Behavior\BuildLiteBehavior [ RunTime:0.000037s ]
INFO: [ app_init ] --END-- [ RunTime:0.002010s ]
ERR: 无法加载模块:Img

[ 2016-12-08T15:45:28+08:00 ] 127.0.0.1 /C2C/index.php/img/one_title.png
INFO: [ app_init ] --START--
INFO: Run Behavior\BuildLiteBehavior [ RunTime:0.000119s ]
INFO: [ app_init ] --END-- [ RunTime:0.003052s ]
ERR: 无法加载模块:Img

[ 2016-12-08T15:45:28+08:00 ] 127.0.0.1 /C2C/index.php/js/jquery-2.1.4.min.js
INFO: [ app_init ] --START--
INFO: Run Behavior\BuildLiteBehavior [ RunTime:0.000032s ]
INFO: [ app_init ] --END-- [ RunTime:0.001648s ]
ERR: 无法加载模块:Js

[ 2016-12-08T15:45:28+08:00 ] 127.0.0.1 /C2C/index.php/js/mumayi_top.js
INFO: [ app_init ] --START--
INFO: Run Behavior\BuildLiteBehavior [ RunTime:0.000033s ]
INFO: [ app_init ] --END-- [ RunTime:0.002124s ]
ERR: 无法加载模块:Js

[ 2016-12-08T15:45:28+08:00 ] 127.0.0.1 /C2C/index.php/js/bootstrap.js
INFO: [ app_init ] --START--
INFO: Run Behavior\BuildLiteBehavior [ RunTime:0.000033s ]
INFO: [ app_init ] --END-- [ RunTime:0.001513s ]
ERR: 无法加载模块:Js

[ 2016-12-08T15:45:28+08:00 ] 127.0.0.1 /C2C/index.php/js/re.js
INFO: [ app_init ] --START--
INFO: Run Behavior\BuildLiteBehavior [ RunTime:0.000032s ]
INFO: [ app_init ] --END-- [ RunTime:0.001062s ]
ERR: 无法加载模块:Js

[ 2016-12-08T15:45:28+08:00 ] 127.0.0.1 /C2C/index.php/img/one_title.png
INFO: [ app_init ] --START--
INFO: Run Behavior\BuildLiteBehavior [ RunTime:0.000032s ]
INFO: [ app_init ] --END-- [ RunTime:0.001158s ]
ERR: 无法加载模块:Img

[ 2016-12-08T15:47:03+08:00 ] 127.0.0.1 /C2C/index.php/img/more.gif
INFO: [ app_init ] --START--
INFO: Run Behavior\BuildLiteBehavior [ RunTime:0.000032s ]
INFO: [ app_init ] --END-- [ RunTime:0.001623s ]
ERR: 无法加载模块:Img

[ 2016-12-08T15:47:03+08:00 ] 127.0.0.1 /C2C/index.php/js/mumayi_top.js
INFO: [ app_init ] --START--
INFO: Run Behavior\BuildLiteBehavior [ RunTime:0.000033s ]
INFO: [ app_init ] --END-- [ RunTime:0.000996s ]
ERR: 无法加载模块:Js

[ 2016-12-08T15:47:03+08:00 ] 127.0.0.1 /C2C/index.php/js/bootstrap.js
INFO: [ app_init ] --START--
INFO: Run Behavior\BuildLiteBehavior [ RunTime:0.000029s ]
INFO: [ app_init ] --END-- [ RunTime:0.000972s ]
ERR: 无法加载模块:Js

[ 2016-12-08T15:47:03+08:00 ] 127.0.0.1 /C2C/index.php/img/one_title.png
INFO: [ app_init ] --START--
INFO: Run Behavior\BuildLiteBehavior [ RunTime:0.000030s ]
INFO: [ app_init ] --END-- [ RunTime:0.000880s ]
ERR: 无法加载模块:Img

[ 2016-12-08T15:47:03+08:00 ] 127.0.0.1 /C2C/index.php/js/re.js
INFO: [ app_init ] --START--
INFO: Run Behavior\BuildLiteBehavior [ RunTime:0.000028s ]
INFO: [ app_init ] --END-- [ RunTime:0.000983s ]
ERR: 无法加载模块:Js

[ 2016-12-08T15:47:03+08:00 ] 127.0.0.1 /C2C/index.php/js/jquery-2.1.4.min.js
INFO: [ app_init ] --START--
INFO: Run Behavior\BuildLiteBehavior [ RunTime:0.000032s ]
INFO: [ app_init ] --END-- [ RunTime:0.000987s ]
ERR: 无法加载模块:Js

[ 2016-12-08T15:47:03+08:00 ] 127.0.0.1 /C2C/index.php/img/more.gif
INFO: [ app_init ] --START--
INFO: Run Behavior\BuildLiteBehavior [ RunTime:0.000033s ]
INFO: [ app_init ] --END-- [ RunTime:0.001169s ]
ERR: 无法加载模块:Img

[ 2016-12-08T15:52:53+08:00 ] 127.0.0.1 /C2C/index.php/img/more.gif
INFO: [ app_init ] --START--
INFO: Run Behavior\BuildLiteBehavior [ RunTime:0.000031s ]
INFO: [ app_init ] --END-- [ RunTime:0.001207s ]
ERR: 无法加载模块:Img

[ 2016-12-08T15:52:53+08:00 ] 127.0.0.1 /C2C/index.php/img/one_title.png
INFO: [ app_init ] --START--
INFO: Run Behavior\BuildLiteBehavior [ RunTime:0.000032s ]
INFO: [ app_init ] --END-- [ RunTime:0.001059s ]
ERR: 无法加载模块:Img

[ 2016-12-08T15:52:53+08:00 ] 127.0.0.1 /C2C/index.php/js/jquery-2.1.4.min.js
INFO: [ app_init ] --START--
INFO: Run Behavior\BuildLiteBehavior [ RunTime:0.000075s ]
INFO: [ app_init ] --END-- [ RunTime:0.001699s ]
ERR: 无法加载模块:Js

[ 2016-12-08T15:52:53+08:00 ] 127.0.0.1 /C2C/index.php/js/re.js
INFO: [ app_init ] --START--
INFO: Run Behavior\BuildLiteBehavior [ RunTime:0.000033s ]
INFO: [ app_init ] --END-- [ RunTime:0.001358s ]
ERR: 无法加载模块:Js

[ 2016-12-08T15:52:53+08:00 ] 127.0.0.1 /C2C/index.php/js/mumayi_top.js
INFO: [ app_init ] --START--
INFO: Run Behavior\BuildLiteBehavior [ RunTime:0.000029s ]
INFO: [ app_init ] --END-- [ RunTime:0.001261s ]
ERR: 无法加载模块:Js

[ 2016-12-08T15:52:53+08:00 ] 127.0.0.1 /C2C/index.php/js/bootstrap.js
INFO: [ app_init ] --START--
INFO: Run Behavior\BuildLiteBehavior [ RunTime:0.000030s ]
INFO: [ app_init ] --END-- [ RunTime:0.000974s ]
ERR: 无法加载模块:Js

[ 2016-12-08T15:52:53+08:00 ] 127.0.0.1 /C2C/index.php/img/more.gif
INFO: [ app_init ] --START--
INFO: Run Behavior\BuildLiteBehavior [ RunTime:0.000032s ]
INFO: [ app_init ] --END-- [ RunTime:0.001060s ]
ERR: 无法加载模块:Img

[ 2016-12-08T15:53:17+08:00 ] 127.0.0.1 /C2C/index.php/img/more.gif
INFO: [ app_init ] --START--
INFO: Run Behavior\BuildLiteBehavior [ RunTime:0.000031s ]
INFO: [ app_init ] --END-- [ RunTime:0.001115s ]
ERR: 无法加载模块:Img

[ 2016-12-08T15:53:17+08:00 ] 127.0.0.1 /C2C/index.php/img/one_title.png
INFO: [ app_init ] --START--
INFO: Run Behavior\BuildLiteBehavior [ RunTime:0.000031s ]
INFO: [ app_init ] --END-- [ RunTime:0.001062s ]
ERR: 无法加载模块:Img

[ 2016-12-08T15:53:17+08:00 ] 127.0.0.1 /C2C/index.php/js/mumayi_top.js
INFO: [ app_init ] --START--
INFO: Run Behavior\BuildLiteBehavior [ RunTime:0.000030s ]
INFO: [ app_init ] --END-- [ RunTime:0.004957s ]
ERR: 无法加载模块:Js

[ 2016-12-08T15:53:17+08:00 ] 127.0.0.1 /C2C/index.php/js/jquery-2.1.4.min.js
INFO: [ app_init ] --START--
INFO: Run Behavior\BuildLiteBehavior [ RunTime:0.000032s ]
INFO: [ app_init ] --END-- [ RunTime:0.001012s ]
ERR: 无法加载模块:Js

[ 2016-12-08T15:53:17+08:00 ] 127.0.0.1 /C2C/index.php/js/re.js
INFO: [ app_init ] --START--
INFO: Run Behavior\BuildLiteBehavior [ RunTime:0.000027s ]
INFO: [ app_init ] --END-- [ RunTime:0.001084s ]
ERR: 无法加载模块:Js

[ 2016-12-08T15:53:17+08:00 ] 127.0.0.1 /C2C/index.php/js/bootstrap.js
INFO: [ app_init ] --START--
INFO: Run Behavior\BuildLiteBehavior [ RunTime:0.000100s ]
INFO: [ app_init ] --END-- [ RunTime:0.002936s ]
ERR: 无法加载模块:Js

[ 2016-12-08T15:53:17+08:00 ] 127.0.0.1 /C2C/index.php/img/more.gif
INFO: [ app_init ] --START--
INFO: Run Behavior\BuildLiteBehavior [ RunTime:0.000032s ]
INFO: [ app_init ] --END-- [ RunTime:0.001014s ]
ERR: 无法加载模块:Img

[ 2016-12-08T15:53:17+08:00 ] 127.0.0.1 /C2C/index.php/img/one_title.png
INFO: [ app_init ] --START--
INFO: Run Behavior\BuildLiteBehavior [ RunTime:0.000024s ]
INFO: [ app_init ] --END-- [ RunTime:0.000713s ]
ERR: 无法加载模块:Img

