[ 2016-12-06T11:03:45+08:00 ] 127.0.0.1 /C2C/index.php
INFO: [ app_init ] --START--
INFO: Run Behavior\BuildLiteBehavior [ RunTime:0.000052s ]
INFO: [ app_init ] --END-- [ RunTime:0.001239s ]
INFO: [ app_begin ] --START--
INFO: Run Behavior\ReadHtmlCacheBehavior [ RunTime:0.002278s ]
INFO: [ app_begin ] --END-- [ RunTime:0.002440s ]
ERR: SQLSTATE[28000] [1045] Access denied for user 'root'@'localhost' (using password: YES)

[ 2016-12-06T11:04:50+08:00 ] 127.0.0.1 /C2C/index.php
INFO: [ app_init ] --START--
INFO: Run Behavior\BuildLiteBehavior [ RunTime:0.000024s ]
INFO: [ app_init ] --END-- [ RunTime:0.000898s ]
INFO: [ app_begin ] --START--
INFO: Run Behavior\ReadHtmlCacheBehavior [ RunTime:0.001153s ]
INFO: [ app_begin ] --END-- [ RunTime:0.001248s ]
ERR: SQLSTATE[42000] [1049] Unknown database 'c2c'

[ 2016-12-06T11:16:52+08:00 ] 127.0.0.1 /C2C/index.php
INFO: [ app_init ] --START--
INFO: Run Behavior\BuildLiteBehavior [ RunTime:0.000023s ]
INFO: [ app_init ] --END-- [ RunTime:0.000771s ]
INFO: [ app_begin ] --START--
INFO: Run Behavior\ReadHtmlCacheBehavior [ RunTime:0.001409s ]
INFO: [ app_begin ] --END-- [ RunTime:0.001533s ]
ERR: SQLSTATE[42000] [1049] Unknown database 'c2c'

[ 2016-12-06T14:07:05+08:00 ] 127.0.0.1 /C2C/index.php
INFO: [ app_init ] --START--
INFO: Run Behavior\BuildLiteBehavior [ RunTime:0.000084s ]
INFO: [ app_init ] --END-- [ RunTime:0.001594s ]
INFO: [ app_begin ] --START--
INFO: Run Behavior\ReadHtmlCacheBehavior [ RunTime:0.001477s ]
INFO: [ app_begin ] --END-- [ RunTime:0.001666s ]
ERR: SQLSTATE[42000] [1049] Unknown database 'c2c'

[ 2016-12-06T14:40:56+08:00 ] 127.0.0.1 /C2C/index.php
INFO: [ app_init ] --START--
INFO: Run Behavior\BuildLiteBehavior [ RunTime:0.000028s ]
INFO: [ app_init ] --END-- [ RunTime:0.001194s ]
INFO: [ app_begin ] --START--
INFO: Run Behavior\ReadHtmlCacheBehavior [ RunTime:0.001120s ]
INFO: [ app_begin ] --END-- [ RunTime:0.001206s ]
ERR: SQLSTATE[42000] [1049] Unknown database 'c2c'

[ 2016-12-06T15:42:33+08:00 ] 127.0.0.1 /C2C/index.php
INFO: [ app_init ] --START--
INFO: Run Behavior\BuildLiteBehavior [ RunTime:0.000027s ]
INFO: [ app_init ] --END-- [ RunTime:0.000930s ]
INFO: [ app_begin ] --START--
INFO: Run Behavior\ReadHtmlCacheBehavior [ RunTime:0.001423s ]
INFO: [ app_begin ] --END-- [ RunTime:0.001520s ]
ERR: 1146:Table 'c2c.categorys' doesn't exist
 [ SQL语句 ] : SHOW COLUMNS FROM `categorys`
ERR: 1146:Table 'c2c.categorys' doesn't exist
 [ SQL语句 ] : SHOW COLUMNS FROM `categorys`

[ 2016-12-06T15:43:48+08:00 ] 127.0.0.1 /C2C/index.php
INFO: [ app_init ] --START--
INFO: Run Behavior\BuildLiteBehavior [ RunTime:0.000020s ]
INFO: [ app_init ] --END-- [ RunTime:0.000787s ]
INFO: [ app_begin ] --START--
INFO: Run Behavior\ReadHtmlCacheBehavior [ RunTime:0.001854s ]
INFO: [ app_begin ] --END-- [ RunTime:0.001984s ]
ERR: 1146:Table 'c2c.categorys' doesn't exist
 [ SQL语句 ] : SHOW COLUMNS FROM `categorys`
ERR: 1146:Table 'c2c.categorys' doesn't exist
 [ SQL语句 ] : SHOW COLUMNS FROM `categorys`

[ 2016-12-06T15:52:27+08:00 ] 127.0.0.1 /C2C/index.php
INFO: [ app_init ] --START--
INFO: Run Behavior\BuildLiteBehavior [ RunTime:0.000034s ]
INFO: [ app_init ] --END-- [ RunTime:0.001765s ]
INFO: [ app_begin ] --START--
INFO: Run Behavior\ReadHtmlCacheBehavior [ RunTime:0.001479s ]
INFO: [ app_begin ] --END-- [ RunTime:0.001683s ]
ERR: 1146:Table 'c2c.categorys' doesn't exist
 [ SQL语句 ] : SHOW COLUMNS FROM `categorys`
ERR: 1146:Table 'c2c.categorys' doesn't exist
 [ SQL语句 ] : SHOW COLUMNS FROM `categorys`

[ 2016-12-06T15:52:27+08:00 ] 127.0.0.1 /C2C/index.php
INFO: [ app_init ] --START--
INFO: Run Behavior\BuildLiteBehavior [ RunTime:0.000031s ]
INFO: [ app_init ] --END-- [ RunTime:0.001699s ]
INFO: [ app_begin ] --START--
INFO: Run Behavior\ReadHtmlCacheBehavior [ RunTime:0.001488s ]
INFO: [ app_begin ] --END-- [ RunTime:0.001629s ]
ERR: 1146:Table 'c2c.categorys' doesn't exist
 [ SQL语句 ] : SHOW COLUMNS FROM `categorys`
ERR: 1146:Table 'c2c.categorys' doesn't exist
 [ SQL语句 ] : SHOW COLUMNS FROM `categorys`

[ 2016-12-06T16:53:16+08:00 ] 127.0.0.1 /C2C/index.php
INFO: [ app_init ] --START--
INFO: Run Behavior\BuildLiteBehavior [ RunTime:0.000030s ]
INFO: [ app_init ] --END-- [ RunTime:0.001031s ]
INFO: [ app_begin ] --START--
INFO: Run Behavior\ReadHtmlCacheBehavior [ RunTime:0.002766s ]
INFO: [ app_begin ] --END-- [ RunTime:0.003081s ]
ERR: 1146:Table 'c2c.categorys' doesn't exist
 [ SQL语句 ] : SHOW COLUMNS FROM `categorys`
ERR: 1146:Table 'c2c.categorys' doesn't exist
 [ SQL语句 ] : SHOW COLUMNS FROM `categorys`

[ 2016-12-06T16:53:34+08:00 ] 127.0.0.1 /C2C/index.php
INFO: [ app_init ] --START--
INFO: Run Behavior\BuildLiteBehavior [ RunTime:0.000029s ]
INFO: [ app_init ] --END-- [ RunTime:0.001067s ]
INFO: [ app_begin ] --START--
INFO: Run Behavior\ReadHtmlCacheBehavior [ RunTime:0.002055s ]
INFO: [ app_begin ] --END-- [ RunTime:0.002229s ]
ERR: 1146:Table 'c2c.categorys' doesn't exist
 [ SQL语句 ] : SHOW COLUMNS FROM `categorys`
ERR: 1146:Table 'c2c.categorys' doesn't exist
 [ SQL语句 ] : SHOW COLUMNS FROM `categorys`

[ 2016-12-06T16:53:48+08:00 ] 127.0.0.1 /C2C/index.php
INFO: [ app_init ] --START--
INFO: Run Behavior\BuildLiteBehavior [ RunTime:0.000026s ]
INFO: [ app_init ] --END-- [ RunTime:0.000954s ]
INFO: [ app_begin ] --START--
INFO: Run Behavior\ReadHtmlCacheBehavior [ RunTime:0.000942s ]
INFO: [ app_begin ] --END-- [ RunTime:0.001034s ]
ERR: 1146:Table 'c2c.categorys' doesn't exist
 [ SQL语句 ] : SHOW COLUMNS FROM `categorys`
ERR: 1146:Table 'c2c.categorys' doesn't exist
 [ SQL语句 ] : SHOW COLUMNS FROM `categorys`

[ 2016-12-06T16:54:21+08:00 ] 127.0.0.1 /C2C/index.php
INFO: [ app_init ] --START--
INFO: Run Behavior\BuildLiteBehavior [ RunTime:0.000026s ]
INFO: [ app_init ] --END-- [ RunTime:0.001073s ]
INFO: [ app_begin ] --START--
INFO: Run Behavior\ReadHtmlCacheBehavior [ RunTime:0.001172s ]
INFO: [ app_begin ] --END-- [ RunTime:0.001263s ]
ERR: 1146:Table 'c2c.categorys' doesn't exist
 [ SQL语句 ] : SHOW COLUMNS FROM `categorys`
ERR: 1146:Table 'c2c.categorys' doesn't exist
 [ SQL语句 ] : SHOW COLUMNS FROM `categorys`

[ 2016-12-06T16:55:00+08:00 ] 127.0.0.1 /C2C/index.php
INFO: [ app_init ] --START--
INFO: Run Behavior\BuildLiteBehavior [ RunTime:0.000026s ]
INFO: [ app_init ] --END-- [ RunTime:0.001047s ]
INFO: [ app_begin ] --START--
INFO: Run Behavior\ReadHtmlCacheBehavior [ RunTime:0.002306s ]
INFO: [ app_begin ] --END-- [ RunTime:0.002438s ]
ERR: 1146:Table 'c2c.categorys' doesn't exist
 [ SQL语句 ] : SHOW COLUMNS FROM `categorys`
ERR: 1146:Table 'c2c.categorys' doesn't exist
 [ SQL语句 ] : SHOW COLUMNS FROM `categorys`

[ 2016-12-06T16:55:38+08:00 ] 127.0.0.1 /C2C/index.php
INFO: [ app_init ] --START--
INFO: Run Behavior\BuildLiteBehavior [ RunTime:0.000106s ]
INFO: [ app_init ] --END-- [ RunTime:0.002197s ]
INFO: [ app_begin ] --START--
INFO: Run Behavior\ReadHtmlCacheBehavior [ RunTime:0.001657s ]
INFO: [ app_begin ] --END-- [ RunTime:0.001799s ]
SQL: SHOW COLUMNS FROM `category` [ RunTime:0.0149s ]
SQL: SELECT * FROM `category`  [ RunTime:0.0014s ]
INFO: [ view_parse ] --START--
INFO: [ template_filter ] --START--
INFO: Run Behavior\ContentReplaceBehavior [ RunTime:0.000216s ]
INFO: [ template_filter ] --END-- [ RunTime:0.000376s ]
INFO: Run Behavior\ParseTemplateBehavior [ RunTime:0.038674s ]
INFO: [ view_parse ] --END-- [ RunTime:0.038816s ]
INFO: [ view_filter ] --START--
INFO: Run Behavior\WriteHtmlCacheBehavior [ RunTime:0.000874s ]
INFO: [ view_filter ] --END-- [ RunTime:0.000986s ]
INFO: [ app_end ] --START--
INFO: Run Behavior\ShowPageTraceBehavior [ RunTime:0.001541s ]
INFO: [ app_end ] --END-- [ RunTime:0.002655s ]

